[2026-04-17T20:58:55.380+0000] {processor.py:161} INFO - Started process (PID=195) to work on /opt/airflow/dags/medal_dag.py
[2026-04-17T20:58:55.381+0000] {processor.py:830} INFO - Processing file /opt/airflow/dags/medal_dag.py for tasks to queue
[2026-04-17T20:58:55.383+0000] {logging_mixin.py:188} INFO - [2026-04-17T20:58:55.383+0000] {dagbag.py:545} INFO - Filling up the DagBag from /opt/airflow/dags/medal_dag.py
[2026-04-17T20:58:55.395+0000] {processor.py:840} INFO - DAG(s) 'medal_count_dag' retrieved from /opt/airflow/dags/medal_dag.py
[2026-04-17T20:58:55.413+0000] {logging_mixin.py:188} INFO - [2026-04-17T20:58:55.413+0000] {dag.py:3096} INFO - Sync 1 DAGs
[2026-04-17T20:58:55.424+0000] {logging_mixin.py:188} INFO - [2026-04-17T20:58:55.424+0000] {dag.py:3954} INFO - Setting next_dagrun for medal_count_dag to 2024-01-01 00:00:00+00:00, run_after=2024-01-01 00:00:00+00:00
[2026-04-17T20:58:55.433+0000] {processor.py:183} INFO - Processing /opt/airflow/dags/medal_dag.py took 0.056 seconds
[2026-04-17T20:59:25.534+0000] {processor.py:161} INFO - Started process (PID=206) to work on /opt/airflow/dags/medal_dag.py
[2026-04-17T20:59:25.534+0000] {processor.py:830} INFO - Processing file /opt/airflow/dags/medal_dag.py for tasks to queue
[2026-04-17T20:59:25.537+0000] {logging_mixin.py:188} INFO - [2026-04-17T20:59:25.537+0000] {dagbag.py:545} INFO - Filling up the DagBag from /opt/airflow/dags/medal_dag.py
[2026-04-17T20:59:25.545+0000] {processor.py:840} INFO - DAG(s) 'medal_count_dag' retrieved from /opt/airflow/dags/medal_dag.py
[2026-04-17T20:59:25.701+0000] {logging_mixin.py:188} INFO - [2026-04-17T20:59:25.701+0000] {dag.py:3096} INFO - Sync 1 DAGs
[2026-04-17T20:59:25.713+0000] {logging_mixin.py:188} INFO - [2026-04-17T20:59:25.712+0000] {dag.py:3954} INFO - Setting next_dagrun for medal_count_dag to 2024-01-01 00:00:00+00:00, run_after=2024-01-01 00:00:00+00:00
[2026-04-17T20:59:25.724+0000] {processor.py:183} INFO - Processing /opt/airflow/dags/medal_dag.py took 0.194 seconds
[2026-04-17T20:59:55.744+0000] {processor.py:161} INFO - Started process (PID=218) to work on /opt/airflow/dags/medal_dag.py
[2026-04-17T20:59:55.745+0000] {processor.py:830} INFO - Processing file /opt/airflow/dags/medal_dag.py for tasks to queue
[2026-04-17T20:59:55.746+0000] {logging_mixin.py:188} INFO - [2026-04-17T20:59:55.745+0000] {dagbag.py:545} INFO - Filling up the DagBag from /opt/airflow/dags/medal_dag.py
[2026-04-17T20:59:55.752+0000] {processor.py:840} INFO - DAG(s) 'medal_count_dag' retrieved from /opt/airflow/dags/medal_dag.py
[2026-04-17T20:59:55.770+0000] {logging_mixin.py:188} INFO - [2026-04-17T20:59:55.769+0000] {dag.py:3096} INFO - Sync 1 DAGs
[2026-04-17T20:59:55.779+0000] {logging_mixin.py:188} INFO - [2026-04-17T20:59:55.779+0000] {dag.py:3954} INFO - Setting next_dagrun for medal_count_dag to 2024-01-01 00:00:00+00:00, run_after=2024-01-01 00:00:00+00:00
[2026-04-17T20:59:55.788+0000] {processor.py:183} INFO - Processing /opt/airflow/dags/medal_dag.py took 0.048 seconds
[2026-04-17T21:00:26.003+0000] {processor.py:161} INFO - Started process (PID=230) to work on /opt/airflow/dags/medal_dag.py
[2026-04-17T21:00:26.004+0000] {processor.py:830} INFO - Processing file /opt/airflow/dags/medal_dag.py for tasks to queue
[2026-04-17T21:00:26.006+0000] {logging_mixin.py:188} INFO - [2026-04-17T21:00:26.006+0000] {dagbag.py:545} INFO - Filling up the DagBag from /opt/airflow/dags/medal_dag.py
[2026-04-17T21:00:26.022+0000] {processor.py:840} INFO - DAG(s) 'medal_count_dag' retrieved from /opt/airflow/dags/medal_dag.py
[2026-04-17T21:00:26.051+0000] {logging_mixin.py:188} INFO - [2026-04-17T21:00:26.050+0000] {dag.py:3096} INFO - Sync 1 DAGs
[2026-04-17T21:00:26.083+0000] {logging_mixin.py:188} INFO - [2026-04-17T21:00:26.083+0000] {dag.py:3954} INFO - Setting next_dagrun for medal_count_dag to 2024-01-01 00:00:00+00:00, run_after=2024-01-01 00:00:00+00:00
[2026-04-17T21:00:26.094+0000] {processor.py:183} INFO - Processing /opt/airflow/dags/medal_dag.py took 0.098 seconds
[2026-04-17T21:00:56.200+0000] {processor.py:161} INFO - Started process (PID=242) to work on /opt/airflow/dags/medal_dag.py
[2026-04-17T21:00:56.201+0000] {processor.py:830} INFO - Processing file /opt/airflow/dags/medal_dag.py for tasks to queue
[2026-04-17T21:00:56.203+0000] {logging_mixin.py:188} INFO - [2026-04-17T21:00:56.203+0000] {dagbag.py:545} INFO - Filling up the DagBag from /opt/airflow/dags/medal_dag.py
[2026-04-17T21:00:56.215+0000] {processor.py:840} INFO - DAG(s) 'medal_count_dag' retrieved from /opt/airflow/dags/medal_dag.py
[2026-04-17T21:00:56.241+0000] {logging_mixin.py:188} INFO - [2026-04-17T21:00:56.241+0000] {dag.py:3096} INFO - Sync 1 DAGs
[2026-04-17T21:00:56.262+0000] {logging_mixin.py:188} INFO - [2026-04-17T21:00:56.262+0000] {dag.py:3954} INFO - Setting next_dagrun for medal_count_dag to 2024-01-01 00:00:00+00:00, run_after=2024-01-01 00:00:00+00:00
[2026-04-17T21:00:56.276+0000] {processor.py:183} INFO - Processing /opt/airflow/dags/medal_dag.py took 0.082 seconds
[2026-04-17T21:01:26.444+0000] {processor.py:161} INFO - Started process (PID=254) to work on /opt/airflow/dags/medal_dag.py
[2026-04-17T21:01:26.444+0000] {processor.py:830} INFO - Processing file /opt/airflow/dags/medal_dag.py for tasks to queue
[2026-04-17T21:01:26.445+0000] {logging_mixin.py:188} INFO - [2026-04-17T21:01:26.445+0000] {dagbag.py:545} INFO - Filling up the DagBag from /opt/airflow/dags/medal_dag.py
[2026-04-17T21:01:26.453+0000] {processor.py:840} INFO - DAG(s) 'medal_count_dag' retrieved from /opt/airflow/dags/medal_dag.py
[2026-04-17T21:01:26.475+0000] {logging_mixin.py:188} INFO - [2026-04-17T21:01:26.475+0000] {dag.py:3096} INFO - Sync 1 DAGs
[2026-04-17T21:01:26.487+0000] {logging_mixin.py:188} INFO - [2026-04-17T21:01:26.487+0000] {dag.py:3954} INFO - Setting next_dagrun for medal_count_dag to 2024-01-01 00:00:00+00:00, run_after=2024-01-01 00:00:00+00:00
[2026-04-17T21:01:26.497+0000] {processor.py:183} INFO - Processing /opt/airflow/dags/medal_dag.py took 0.057 seconds
[2026-04-17T21:01:56.649+0000] {processor.py:161} INFO - Started process (PID=266) to work on /opt/airflow/dags/medal_dag.py
[2026-04-17T21:01:56.650+0000] {processor.py:830} INFO - Processing file /opt/airflow/dags/medal_dag.py for tasks to queue
[2026-04-17T21:01:56.651+0000] {logging_mixin.py:188} INFO - [2026-04-17T21:01:56.650+0000] {dagbag.py:545} INFO - Filling up the DagBag from /opt/airflow/dags/medal_dag.py
[2026-04-17T21:01:56.657+0000] {processor.py:840} INFO - DAG(s) 'medal_count_dag' retrieved from /opt/airflow/dags/medal_dag.py
[2026-04-17T21:01:56.672+0000] {logging_mixin.py:188} INFO - [2026-04-17T21:01:56.672+0000] {dag.py:3096} INFO - Sync 1 DAGs
[2026-04-17T21:01:56.682+0000] {logging_mixin.py:188} INFO - [2026-04-17T21:01:56.682+0000] {dag.py:3954} INFO - Setting next_dagrun for medal_count_dag to 2024-01-01 00:00:00+00:00, run_after=2024-01-01 00:00:00+00:00
[2026-04-17T21:01:56.690+0000] {processor.py:183} INFO - Processing /opt/airflow/dags/medal_dag.py took 0.045 seconds
[2026-04-17T21:02:26.906+0000] {processor.py:161} INFO - Started process (PID=278) to work on /opt/airflow/dags/medal_dag.py
[2026-04-17T21:02:26.907+0000] {processor.py:830} INFO - Processing file /opt/airflow/dags/medal_dag.py for tasks to queue
[2026-04-17T21:02:26.909+0000] {logging_mixin.py:188} INFO - [2026-04-17T21:02:26.909+0000] {dagbag.py:545} INFO - Filling up the DagBag from /opt/airflow/dags/medal_dag.py
[2026-04-17T21:02:26.922+0000] {processor.py:840} INFO - DAG(s) 'medal_count_dag' retrieved from /opt/airflow/dags/medal_dag.py
[2026-04-17T21:02:26.946+0000] {logging_mixin.py:188} INFO - [2026-04-17T21:02:26.946+0000] {dag.py:3096} INFO - Sync 1 DAGs
[2026-04-17T21:02:26.957+0000] {logging_mixin.py:188} INFO - [2026-04-17T21:02:26.957+0000] {dag.py:3954} INFO - Setting next_dagrun for medal_count_dag to 2024-01-01 00:00:00+00:00, run_after=2024-01-01 00:00:00+00:00
[2026-04-17T21:02:26.966+0000] {processor.py:183} INFO - Processing /opt/airflow/dags/medal_dag.py took 0.067 seconds
[2026-04-17T21:02:57.158+0000] {processor.py:161} INFO - Started process (PID=290) to work on /opt/airflow/dags/medal_dag.py
[2026-04-17T21:02:57.159+0000] {processor.py:830} INFO - Processing file /opt/airflow/dags/medal_dag.py for tasks to queue
[2026-04-17T21:02:57.161+0000] {logging_mixin.py:188} INFO - [2026-04-17T21:02:57.160+0000] {dagbag.py:545} INFO - Filling up the DagBag from /opt/airflow/dags/medal_dag.py
[2026-04-17T21:02:57.172+0000] {processor.py:840} INFO - DAG(s) 'medal_count_dag' retrieved from /opt/airflow/dags/medal_dag.py
[2026-04-17T21:02:57.192+0000] {logging_mixin.py:188} INFO - [2026-04-17T21:02:57.191+0000] {dag.py:3096} INFO - Sync 1 DAGs
[2026-04-17T21:02:57.203+0000] {logging_mixin.py:188} INFO - [2026-04-17T21:02:57.203+0000] {dag.py:3954} INFO - Setting next_dagrun for medal_count_dag to 2024-01-01 00:00:00+00:00, run_after=2024-01-01 00:00:00+00:00
[2026-04-17T21:02:57.213+0000] {processor.py:183} INFO - Processing /opt/airflow/dags/medal_dag.py took 0.062 seconds
[2026-04-17T21:03:27.319+0000] {processor.py:161} INFO - Started process (PID=302) to work on /opt/airflow/dags/medal_dag.py
[2026-04-17T21:03:27.319+0000] {processor.py:830} INFO - Processing file /opt/airflow/dags/medal_dag.py for tasks to queue
[2026-04-17T21:03:27.320+0000] {logging_mixin.py:188} INFO - [2026-04-17T21:03:27.320+0000] {dagbag.py:545} INFO - Filling up the DagBag from /opt/airflow/dags/medal_dag.py
[2026-04-17T21:03:27.328+0000] {processor.py:840} INFO - DAG(s) 'medal_count_dag' retrieved from /opt/airflow/dags/medal_dag.py
[2026-04-17T21:03:27.346+0000] {logging_mixin.py:188} INFO - [2026-04-17T21:03:27.345+0000] {dag.py:3096} INFO - Sync 1 DAGs
[2026-04-17T21:03:27.357+0000] {logging_mixin.py:188} INFO - [2026-04-17T21:03:27.357+0000] {dag.py:3954} INFO - Setting next_dagrun for medal_count_dag to 2024-01-01 00:00:00+00:00, run_after=2024-01-01 00:00:00+00:00
[2026-04-17T21:03:27.373+0000] {processor.py:183} INFO - Processing /opt/airflow/dags/medal_dag.py took 0.058 seconds
[2026-04-17T21:03:57.562+0000] {processor.py:161} INFO - Started process (PID=314) to work on /opt/airflow/dags/medal_dag.py
[2026-04-17T21:03:57.563+0000] {processor.py:830} INFO - Processing file /opt/airflow/dags/medal_dag.py for tasks to queue
[2026-04-17T21:03:57.566+0000] {logging_mixin.py:188} INFO - [2026-04-17T21:03:57.565+0000] {dagbag.py:545} INFO - Filling up the DagBag from /opt/airflow/dags/medal_dag.py
[2026-04-17T21:03:57.578+0000] {processor.py:840} INFO - DAG(s) 'medal_count_dag' retrieved from /opt/airflow/dags/medal_dag.py
[2026-04-17T21:03:57.603+0000] {logging_mixin.py:188} INFO - [2026-04-17T21:03:57.603+0000] {dag.py:3096} INFO - Sync 1 DAGs
[2026-04-17T21:03:57.615+0000] {logging_mixin.py:188} INFO - [2026-04-17T21:03:57.615+0000] {dag.py:3954} INFO - Setting next_dagrun for medal_count_dag to 2024-01-01 00:00:00+00:00, run_after=2024-01-01 00:00:00+00:00
[2026-04-17T21:03:57.627+0000] {processor.py:183} INFO - Processing /opt/airflow/dags/medal_dag.py took 0.072 seconds
[2026-04-17T21:04:27.793+0000] {processor.py:161} INFO - Started process (PID=326) to work on /opt/airflow/dags/medal_dag.py
[2026-04-17T21:04:27.796+0000] {processor.py:830} INFO - Processing file /opt/airflow/dags/medal_dag.py for tasks to queue
[2026-04-17T21:04:27.798+0000] {logging_mixin.py:188} INFO - [2026-04-17T21:04:27.798+0000] {dagbag.py:545} INFO - Filling up the DagBag from /opt/airflow/dags/medal_dag.py
[2026-04-17T21:04:27.809+0000] {processor.py:840} INFO - DAG(s) 'medal_count_dag' retrieved from /opt/airflow/dags/medal_dag.py
[2026-04-17T21:04:27.831+0000] {logging_mixin.py:188} INFO - [2026-04-17T21:04:27.830+0000] {dag.py:3096} INFO - Sync 1 DAGs
[2026-04-17T21:04:27.842+0000] {logging_mixin.py:188} INFO - [2026-04-17T21:04:27.842+0000] {dag.py:3954} INFO - Setting next_dagrun for medal_count_dag to 2024-01-01 00:00:00+00:00, run_after=2024-01-01 00:00:00+00:00
[2026-04-17T21:04:27.851+0000] {processor.py:183} INFO - Processing /opt/airflow/dags/medal_dag.py took 0.065 seconds
[2026-04-17T21:04:58.040+0000] {processor.py:161} INFO - Started process (PID=338) to work on /opt/airflow/dags/medal_dag.py
[2026-04-17T21:04:58.040+0000] {processor.py:830} INFO - Processing file /opt/airflow/dags/medal_dag.py for tasks to queue
[2026-04-17T21:04:58.042+0000] {logging_mixin.py:188} INFO - [2026-04-17T21:04:58.041+0000] {dagbag.py:545} INFO - Filling up the DagBag from /opt/airflow/dags/medal_dag.py
[2026-04-17T21:04:58.050+0000] {processor.py:840} INFO - DAG(s) 'medal_count_dag' retrieved from /opt/airflow/dags/medal_dag.py
[2026-04-17T21:04:58.068+0000] {logging_mixin.py:188} INFO - [2026-04-17T21:04:58.068+0000] {dag.py:3096} INFO - Sync 1 DAGs
[2026-04-17T21:04:58.082+0000] {logging_mixin.py:188} INFO - [2026-04-17T21:04:58.082+0000] {dag.py:3954} INFO - Setting next_dagrun for medal_count_dag to 2024-01-01 00:00:00+00:00, run_after=2024-01-01 00:00:00+00:00
[2026-04-17T21:04:58.093+0000] {processor.py:183} INFO - Processing /opt/airflow/dags/medal_dag.py took 0.059 seconds
[2026-04-17T21:05:28.228+0000] {processor.py:161} INFO - Started process (PID=349) to work on /opt/airflow/dags/medal_dag.py
[2026-04-17T21:05:28.229+0000] {processor.py:830} INFO - Processing file /opt/airflow/dags/medal_dag.py for tasks to queue
[2026-04-17T21:05:28.230+0000] {logging_mixin.py:188} INFO - [2026-04-17T21:05:28.230+0000] {dagbag.py:545} INFO - Filling up the DagBag from /opt/airflow/dags/medal_dag.py
[2026-04-17T21:05:28.237+0000] {processor.py:840} INFO - DAG(s) 'medal_count_dag' retrieved from /opt/airflow/dags/medal_dag.py
[2026-04-17T21:05:28.257+0000] {logging_mixin.py:188} INFO - [2026-04-17T21:05:28.256+0000] {dag.py:3096} INFO - Sync 1 DAGs
[2026-04-17T21:05:28.268+0000] {logging_mixin.py:188} INFO - [2026-04-17T21:05:28.268+0000] {dag.py:3954} INFO - Setting next_dagrun for medal_count_dag to 2024-01-01 00:00:00+00:00, run_after=2024-01-01 00:00:00+00:00
[2026-04-17T21:05:28.280+0000] {processor.py:183} INFO - Processing /opt/airflow/dags/medal_dag.py took 0.056 seconds
[2026-04-17T21:05:58.420+0000] {processor.py:161} INFO - Started process (PID=361) to work on /opt/airflow/dags/medal_dag.py
[2026-04-17T21:05:58.421+0000] {processor.py:830} INFO - Processing file /opt/airflow/dags/medal_dag.py for tasks to queue
[2026-04-17T21:05:58.422+0000] {logging_mixin.py:188} INFO - [2026-04-17T21:05:58.422+0000] {dagbag.py:545} INFO - Filling up the DagBag from /opt/airflow/dags/medal_dag.py
[2026-04-17T21:05:58.428+0000] {processor.py:840} INFO - DAG(s) 'medal_count_dag' retrieved from /opt/airflow/dags/medal_dag.py
[2026-04-17T21:05:58.444+0000] {logging_mixin.py:188} INFO - [2026-04-17T21:05:58.444+0000] {dag.py:3096} INFO - Sync 1 DAGs
[2026-04-17T21:05:58.454+0000] {logging_mixin.py:188} INFO - [2026-04-17T21:05:58.454+0000] {dag.py:3954} INFO - Setting next_dagrun for medal_count_dag to 2024-01-01 00:00:00+00:00, run_after=2024-01-01 00:00:00+00:00
[2026-04-17T21:05:58.463+0000] {processor.py:183} INFO - Processing /opt/airflow/dags/medal_dag.py took 0.047 seconds
[2026-04-17T21:06:28.603+0000] {processor.py:161} INFO - Started process (PID=373) to work on /opt/airflow/dags/medal_dag.py
[2026-04-17T21:06:28.604+0000] {processor.py:830} INFO - Processing file /opt/airflow/dags/medal_dag.py for tasks to queue
[2026-04-17T21:06:28.606+0000] {logging_mixin.py:188} INFO - [2026-04-17T21:06:28.605+0000] {dagbag.py:545} INFO - Filling up the DagBag from /opt/airflow/dags/medal_dag.py
[2026-04-17T21:06:28.614+0000] {processor.py:840} INFO - DAG(s) 'medal_count_dag' retrieved from /opt/airflow/dags/medal_dag.py
[2026-04-17T21:06:28.638+0000] {logging_mixin.py:188} INFO - [2026-04-17T21:06:28.638+0000] {dag.py:3096} INFO - Sync 1 DAGs
[2026-04-17T21:06:28.649+0000] {logging_mixin.py:188} INFO - [2026-04-17T21:06:28.649+0000] {dag.py:3954} INFO - Setting next_dagrun for medal_count_dag to 2024-01-01 00:00:00+00:00, run_after=2024-01-01 00:00:00+00:00
[2026-04-17T21:06:28.658+0000] {processor.py:183} INFO - Processing /opt/airflow/dags/medal_dag.py took 0.059 seconds
[2026-04-17T21:06:58.774+0000] {processor.py:161} INFO - Started process (PID=385) to work on /opt/airflow/dags/medal_dag.py
[2026-04-17T21:06:58.774+0000] {processor.py:830} INFO - Processing file /opt/airflow/dags/medal_dag.py for tasks to queue
[2026-04-17T21:06:58.776+0000] {logging_mixin.py:188} INFO - [2026-04-17T21:06:58.776+0000] {dagbag.py:545} INFO - Filling up the DagBag from /opt/airflow/dags/medal_dag.py
[2026-04-17T21:06:58.783+0000] {processor.py:840} INFO - DAG(s) 'medal_count_dag' retrieved from /opt/airflow/dags/medal_dag.py
[2026-04-17T21:06:58.798+0000] {logging_mixin.py:188} INFO - [2026-04-17T21:06:58.798+0000] {dag.py:3096} INFO - Sync 1 DAGs
[2026-04-17T21:06:58.808+0000] {logging_mixin.py:188} INFO - [2026-04-17T21:06:58.808+0000] {dag.py:3954} INFO - Setting next_dagrun for medal_count_dag to 2024-01-01 00:00:00+00:00, run_after=2024-01-01 00:00:00+00:00
[2026-04-17T21:06:58.817+0000] {processor.py:183} INFO - Processing /opt/airflow/dags/medal_dag.py took 0.046 seconds
[2026-04-17T21:07:29.013+0000] {processor.py:161} INFO - Started process (PID=397) to work on /opt/airflow/dags/medal_dag.py
[2026-04-17T21:07:29.014+0000] {processor.py:830} INFO - Processing file /opt/airflow/dags/medal_dag.py for tasks to queue
[2026-04-17T21:07:29.016+0000] {logging_mixin.py:188} INFO - [2026-04-17T21:07:29.016+0000] {dagbag.py:545} INFO - Filling up the DagBag from /opt/airflow/dags/medal_dag.py
[2026-04-17T21:07:29.029+0000] {processor.py:840} INFO - DAG(s) 'medal_count_dag' retrieved from /opt/airflow/dags/medal_dag.py
[2026-04-17T21:07:29.053+0000] {logging_mixin.py:188} INFO - [2026-04-17T21:07:29.053+0000] {dag.py:3096} INFO - Sync 1 DAGs
[2026-04-17T21:07:29.065+0000] {logging_mixin.py:188} INFO - [2026-04-17T21:07:29.065+0000] {dag.py:3954} INFO - Setting next_dagrun for medal_count_dag to 2024-01-01 00:00:00+00:00, run_after=2024-01-01 00:00:00+00:00
[2026-04-17T21:07:29.074+0000] {processor.py:183} INFO - Processing /opt/airflow/dags/medal_dag.py took 0.069 seconds
[2026-04-17T21:07:59.230+0000] {processor.py:161} INFO - Started process (PID=409) to work on /opt/airflow/dags/medal_dag.py
[2026-04-17T21:07:59.230+0000] {processor.py:830} INFO - Processing file /opt/airflow/dags/medal_dag.py for tasks to queue
[2026-04-17T21:07:59.231+0000] {logging_mixin.py:188} INFO - [2026-04-17T21:07:59.231+0000] {dagbag.py:545} INFO - Filling up the DagBag from /opt/airflow/dags/medal_dag.py
[2026-04-17T21:07:59.238+0000] {processor.py:840} INFO - DAG(s) 'medal_count_dag' retrieved from /opt/airflow/dags/medal_dag.py
[2026-04-17T21:07:59.257+0000] {logging_mixin.py:188} INFO - [2026-04-17T21:07:59.257+0000] {dag.py:3096} INFO - Sync 1 DAGs
[2026-04-17T21:07:59.268+0000] {logging_mixin.py:188} INFO - [2026-04-17T21:07:59.268+0000] {dag.py:3954} INFO - Setting next_dagrun for medal_count_dag to 2024-01-01 00:00:00+00:00, run_after=2024-01-01 00:00:00+00:00
[2026-04-17T21:07:59.278+0000] {processor.py:183} INFO - Processing /opt/airflow/dags/medal_dag.py took 0.053 seconds
[2026-04-17T21:08:29.411+0000] {processor.py:161} INFO - Started process (PID=421) to work on /opt/airflow/dags/medal_dag.py
[2026-04-17T21:08:29.412+0000] {processor.py:830} INFO - Processing file /opt/airflow/dags/medal_dag.py for tasks to queue
[2026-04-17T21:08:29.414+0000] {logging_mixin.py:188} INFO - [2026-04-17T21:08:29.414+0000] {dagbag.py:545} INFO - Filling up the DagBag from /opt/airflow/dags/medal_dag.py
[2026-04-17T21:08:29.424+0000] {processor.py:840} INFO - DAG(s) 'medal_count_dag' retrieved from /opt/airflow/dags/medal_dag.py
[2026-04-17T21:08:29.439+0000] {logging_mixin.py:188} INFO - [2026-04-17T21:08:29.439+0000] {dag.py:3096} INFO - Sync 1 DAGs
[2026-04-17T21:08:29.449+0000] {logging_mixin.py:188} INFO - [2026-04-17T21:08:29.449+0000] {dag.py:3954} INFO - Setting next_dagrun for medal_count_dag to 2024-01-01 00:00:00+00:00, run_after=2024-01-01 00:00:00+00:00
[2026-04-17T21:08:29.457+0000] {processor.py:183} INFO - Processing /opt/airflow/dags/medal_dag.py took 0.052 seconds
[2026-04-17T21:08:59.672+0000] {processor.py:161} INFO - Started process (PID=433) to work on /opt/airflow/dags/medal_dag.py
[2026-04-17T21:08:59.673+0000] {processor.py:830} INFO - Processing file /opt/airflow/dags/medal_dag.py for tasks to queue
[2026-04-17T21:08:59.674+0000] {logging_mixin.py:188} INFO - [2026-04-17T21:08:59.674+0000] {dagbag.py:545} INFO - Filling up the DagBag from /opt/airflow/dags/medal_dag.py
[2026-04-17T21:08:59.682+0000] {processor.py:840} INFO - DAG(s) 'medal_count_dag' retrieved from /opt/airflow/dags/medal_dag.py
[2026-04-17T21:08:59.701+0000] {logging_mixin.py:188} INFO - [2026-04-17T21:08:59.700+0000] {dag.py:3096} INFO - Sync 1 DAGs
[2026-04-17T21:08:59.714+0000] {logging_mixin.py:188} INFO - [2026-04-17T21:08:59.714+0000] {dag.py:3954} INFO - Setting next_dagrun for medal_count_dag to 2024-01-01 00:00:00+00:00, run_after=2024-01-01 00:00:00+00:00
[2026-04-17T21:08:59.726+0000] {processor.py:183} INFO - Processing /opt/airflow/dags/medal_dag.py took 0.058 seconds
[2026-04-17T21:09:29.908+0000] {processor.py:161} INFO - Started process (PID=445) to work on /opt/airflow/dags/medal_dag.py
[2026-04-17T21:09:29.909+0000] {processor.py:830} INFO - Processing file /opt/airflow/dags/medal_dag.py for tasks to queue
[2026-04-17T21:09:29.911+0000] {logging_mixin.py:188} INFO - [2026-04-17T21:09:29.911+0000] {dagbag.py:545} INFO - Filling up the DagBag from /opt/airflow/dags/medal_dag.py
[2026-04-17T21:09:29.923+0000] {processor.py:840} INFO - DAG(s) 'medal_count_dag' retrieved from /opt/airflow/dags/medal_dag.py
[2026-04-17T21:09:29.942+0000] {logging_mixin.py:188} INFO - [2026-04-17T21:09:29.942+0000] {dag.py:3096} INFO - Sync 1 DAGs
[2026-04-17T21:09:29.952+0000] {logging_mixin.py:188} INFO - [2026-04-17T21:09:29.952+0000] {dag.py:3954} INFO - Setting next_dagrun for medal_count_dag to 2024-01-01 00:00:00+00:00, run_after=2024-01-01 00:00:00+00:00
[2026-04-17T21:09:29.960+0000] {processor.py:183} INFO - Processing /opt/airflow/dags/medal_dag.py took 0.058 seconds
[2026-04-17T21:10:00.088+0000] {processor.py:161} INFO - Started process (PID=457) to work on /opt/airflow/dags/medal_dag.py
[2026-04-17T21:10:00.088+0000] {processor.py:830} INFO - Processing file /opt/airflow/dags/medal_dag.py for tasks to queue
[2026-04-17T21:10:00.089+0000] {logging_mixin.py:188} INFO - [2026-04-17T21:10:00.089+0000] {dagbag.py:545} INFO - Filling up the DagBag from /opt/airflow/dags/medal_dag.py
[2026-04-17T21:10:00.097+0000] {processor.py:840} INFO - DAG(s) 'medal_count_dag' retrieved from /opt/airflow/dags/medal_dag.py
[2026-04-17T21:10:00.114+0000] {logging_mixin.py:188} INFO - [2026-04-17T21:10:00.114+0000] {dag.py:3096} INFO - Sync 1 DAGs
[2026-04-17T21:10:00.127+0000] {logging_mixin.py:188} INFO - [2026-04-17T21:10:00.126+0000] {dag.py:3954} INFO - Setting next_dagrun for medal_count_dag to 2024-01-01 00:00:00+00:00, run_after=2024-01-01 00:00:00+00:00
[2026-04-17T21:10:00.136+0000] {processor.py:183} INFO - Processing /opt/airflow/dags/medal_dag.py took 0.052 seconds
[2026-04-17T21:10:30.330+0000] {processor.py:161} INFO - Started process (PID=470) to work on /opt/airflow/dags/medal_dag.py
[2026-04-17T21:10:30.331+0000] {processor.py:830} INFO - Processing file /opt/airflow/dags/medal_dag.py for tasks to queue
[2026-04-17T21:10:30.334+0000] {logging_mixin.py:188} INFO - [2026-04-17T21:10:30.333+0000] {dagbag.py:545} INFO - Filling up the DagBag from /opt/airflow/dags/medal_dag.py
[2026-04-17T21:10:30.342+0000] {processor.py:840} INFO - DAG(s) 'medal_count_dag' retrieved from /opt/airflow/dags/medal_dag.py
[2026-04-17T21:10:30.361+0000] {logging_mixin.py:188} INFO - [2026-04-17T21:10:30.361+0000] {dag.py:3096} INFO - Sync 1 DAGs
[2026-04-17T21:10:30.372+0000] {logging_mixin.py:188} INFO - [2026-04-17T21:10:30.372+0000] {dag.py:3954} INFO - Setting next_dagrun for medal_count_dag to 2024-01-01 00:00:00+00:00, run_after=2024-01-01 00:00:00+00:00
[2026-04-17T21:10:30.383+0000] {processor.py:183} INFO - Processing /opt/airflow/dags/medal_dag.py took 0.060 seconds
[2026-04-17T21:11:00.515+0000] {processor.py:161} INFO - Started process (PID=482) to work on /opt/airflow/dags/medal_dag.py
[2026-04-17T21:11:00.516+0000] {processor.py:830} INFO - Processing file /opt/airflow/dags/medal_dag.py for tasks to queue
[2026-04-17T21:11:00.523+0000] {logging_mixin.py:188} INFO - [2026-04-17T21:11:00.522+0000] {dagbag.py:545} INFO - Filling up the DagBag from /opt/airflow/dags/medal_dag.py
[2026-04-17T21:11:00.534+0000] {processor.py:840} INFO - DAG(s) 'medal_count_dag' retrieved from /opt/airflow/dags/medal_dag.py
[2026-04-17T21:11:00.551+0000] {logging_mixin.py:188} INFO - [2026-04-17T21:11:00.551+0000] {dag.py:3096} INFO - Sync 1 DAGs
[2026-04-17T21:11:00.564+0000] {logging_mixin.py:188} INFO - [2026-04-17T21:11:00.564+0000] {dag.py:3954} INFO - Setting next_dagrun for medal_count_dag to 2024-01-01 00:00:00+00:00, run_after=2024-01-01 00:00:00+00:00
[2026-04-17T21:11:00.577+0000] {processor.py:183} INFO - Processing /opt/airflow/dags/medal_dag.py took 0.066 seconds
[2026-04-17T21:11:30.743+0000] {processor.py:161} INFO - Started process (PID=487) to work on /opt/airflow/dags/medal_dag.py
[2026-04-17T21:11:30.744+0000] {processor.py:830} INFO - Processing file /opt/airflow/dags/medal_dag.py for tasks to queue
[2026-04-17T21:11:30.746+0000] {logging_mixin.py:188} INFO - [2026-04-17T21:11:30.745+0000] {dagbag.py:545} INFO - Filling up the DagBag from /opt/airflow/dags/medal_dag.py
[2026-04-17T21:11:30.758+0000] {processor.py:840} INFO - DAG(s) 'medal_count_dag' retrieved from /opt/airflow/dags/medal_dag.py
[2026-04-17T21:11:30.781+0000] {logging_mixin.py:188} INFO - [2026-04-17T21:11:30.781+0000] {dag.py:3096} INFO - Sync 1 DAGs
[2026-04-17T21:11:30.793+0000] {logging_mixin.py:188} INFO - [2026-04-17T21:11:30.792+0000] {dag.py:3954} INFO - Setting next_dagrun for medal_count_dag to 2024-01-01 00:00:00+00:00, run_after=2024-01-01 00:00:00+00:00
[2026-04-17T21:11:30.801+0000] {processor.py:183} INFO - Processing /opt/airflow/dags/medal_dag.py took 0.064 seconds
[2026-04-17T21:12:00.921+0000] {processor.py:161} INFO - Started process (PID=499) to work on /opt/airflow/dags/medal_dag.py
[2026-04-17T21:12:00.922+0000] {processor.py:830} INFO - Processing file /opt/airflow/dags/medal_dag.py for tasks to queue
[2026-04-17T21:12:00.924+0000] {logging_mixin.py:188} INFO - [2026-04-17T21:12:00.924+0000] {dagbag.py:545} INFO - Filling up the DagBag from /opt/airflow/dags/medal_dag.py
[2026-04-17T21:12:00.933+0000] {processor.py:840} INFO - DAG(s) 'medal_count_dag' retrieved from /opt/airflow/dags/medal_dag.py
[2026-04-17T21:12:00.950+0000] {logging_mixin.py:188} INFO - [2026-04-17T21:12:00.950+0000] {dag.py:3096} INFO - Sync 1 DAGs
[2026-04-17T21:12:00.961+0000] {logging_mixin.py:188} INFO - [2026-04-17T21:12:00.961+0000] {dag.py:3954} INFO - Setting next_dagrun for medal_count_dag to 2024-01-01 00:00:00+00:00, run_after=2024-01-01 00:00:00+00:00
[2026-04-17T21:12:00.973+0000] {processor.py:183} INFO - Processing /opt/airflow/dags/medal_dag.py took 0.059 seconds
[2026-04-17T21:12:31.198+0000] {processor.py:161} INFO - Started process (PID=511) to work on /opt/airflow/dags/medal_dag.py
[2026-04-17T21:12:31.199+0000] {processor.py:830} INFO - Processing file /opt/airflow/dags/medal_dag.py for tasks to queue
[2026-04-17T21:12:31.200+0000] {logging_mixin.py:188} INFO - [2026-04-17T21:12:31.200+0000] {dagbag.py:545} INFO - Filling up the DagBag from /opt/airflow/dags/medal_dag.py
[2026-04-17T21:12:31.209+0000] {processor.py:840} INFO - DAG(s) 'medal_count_dag' retrieved from /opt/airflow/dags/medal_dag.py
[2026-04-17T21:12:31.228+0000] {logging_mixin.py:188} INFO - [2026-04-17T21:12:31.227+0000] {dag.py:3096} INFO - Sync 1 DAGs
[2026-04-17T21:12:31.239+0000] {logging_mixin.py:188} INFO - [2026-04-17T21:12:31.239+0000] {dag.py:3954} INFO - Setting next_dagrun for medal_count_dag to 2024-01-01 00:00:00+00:00, run_after=2024-01-01 00:00:00+00:00
[2026-04-17T21:12:31.247+0000] {processor.py:183} INFO - Processing /opt/airflow/dags/medal_dag.py took 0.054 seconds
[2026-04-17T21:13:02.029+0000] {processor.py:161} INFO - Started process (PID=523) to work on /opt/airflow/dags/medal_dag.py
[2026-04-17T21:13:02.030+0000] {processor.py:830} INFO - Processing file /opt/airflow/dags/medal_dag.py for tasks to queue
[2026-04-17T21:13:02.033+0000] {logging_mixin.py:188} INFO - [2026-04-17T21:13:02.032+0000] {dagbag.py:545} INFO - Filling up the DagBag from /opt/airflow/dags/medal_dag.py
[2026-04-17T21:13:02.041+0000] {processor.py:840} INFO - DAG(s) 'medal_count_dag' retrieved from /opt/airflow/dags/medal_dag.py
[2026-04-17T21:13:02.056+0000] {logging_mixin.py:188} INFO - [2026-04-17T21:13:02.056+0000] {dag.py:3096} INFO - Sync 1 DAGs
[2026-04-17T21:13:02.066+0000] {logging_mixin.py:188} INFO - [2026-04-17T21:13:02.066+0000] {dag.py:3954} INFO - Setting next_dagrun for medal_count_dag to 2024-01-01 00:00:00+00:00, run_after=2024-01-01 00:00:00+00:00
[2026-04-17T21:13:02.074+0000] {processor.py:183} INFO - Processing /opt/airflow/dags/medal_dag.py took 0.050 seconds
[2026-04-17T21:13:32.665+0000] {processor.py:161} INFO - Started process (PID=535) to work on /opt/airflow/dags/medal_dag.py
[2026-04-17T21:13:32.666+0000] {processor.py:830} INFO - Processing file /opt/airflow/dags/medal_dag.py for tasks to queue
[2026-04-17T21:13:32.669+0000] {logging_mixin.py:188} INFO - [2026-04-17T21:13:32.668+0000] {dagbag.py:545} INFO - Filling up the DagBag from /opt/airflow/dags/medal_dag.py
[2026-04-17T21:13:32.683+0000] {processor.py:840} INFO - DAG(s) 'medal_count_dag' retrieved from /opt/airflow/dags/medal_dag.py
[2026-04-17T21:13:32.703+0000] {logging_mixin.py:188} INFO - [2026-04-17T21:13:32.702+0000] {dag.py:3096} INFO - Sync 1 DAGs
[2026-04-17T21:13:32.714+0000] {logging_mixin.py:188} INFO - [2026-04-17T21:13:32.713+0000] {dag.py:3954} INFO - Setting next_dagrun for medal_count_dag to 2024-01-01 00:00:00+00:00, run_after=2024-01-01 00:00:00+00:00
[2026-04-17T21:13:32.722+0000] {processor.py:183} INFO - Processing /opt/airflow/dags/medal_dag.py took 0.065 seconds
[2026-04-17T21:17:37.647+0000] {processor.py:161} INFO - Started process (PID=547) to work on /opt/airflow/dags/medal_dag.py
[2026-04-17T21:17:37.648+0000] {processor.py:830} INFO - Processing file /opt/airflow/dags/medal_dag.py for tasks to queue
[2026-04-17T21:17:37.649+0000] {logging_mixin.py:188} INFO - [2026-04-17T21:17:37.649+0000] {dagbag.py:545} INFO - Filling up the DagBag from /opt/airflow/dags/medal_dag.py
[2026-04-17T21:17:37.655+0000] {processor.py:840} INFO - DAG(s) 'medal_count_dag' retrieved from /opt/airflow/dags/medal_dag.py
[2026-04-17T21:17:37.670+0000] {logging_mixin.py:188} INFO - [2026-04-17T21:17:37.670+0000] {dag.py:3096} INFO - Sync 1 DAGs
[2026-04-17T21:17:37.682+0000] {logging_mixin.py:188} INFO - [2026-04-17T21:17:37.681+0000] {dag.py:3954} INFO - Setting next_dagrun for medal_count_dag to 2024-01-01 00:00:00+00:00, run_after=2024-01-01 00:00:00+00:00
[2026-04-17T21:17:37.690+0000] {processor.py:183} INFO - Processing /opt/airflow/dags/medal_dag.py took 0.046 seconds
[2026-04-17T21:18:19.376+0000] {processor.py:161} INFO - Started process (PID=552) to work on /opt/airflow/dags/medal_dag.py
[2026-04-17T21:18:19.378+0000] {processor.py:830} INFO - Processing file /opt/airflow/dags/medal_dag.py for tasks to queue
[2026-04-17T21:18:19.380+0000] {logging_mixin.py:188} INFO - [2026-04-17T21:18:19.380+0000] {dagbag.py:545} INFO - Filling up the DagBag from /opt/airflow/dags/medal_dag.py
[2026-04-17T21:18:19.394+0000] {processor.py:840} INFO - DAG(s) 'medal_count_dag' retrieved from /opt/airflow/dags/medal_dag.py
[2026-04-17T21:18:19.420+0000] {logging_mixin.py:188} INFO - [2026-04-17T21:18:19.419+0000] {dag.py:3096} INFO - Sync 1 DAGs
[2026-04-17T21:18:19.431+0000] {logging_mixin.py:188} INFO - [2026-04-17T21:18:19.431+0000] {dag.py:3954} INFO - Setting next_dagrun for medal_count_dag to 2024-01-01 00:00:00+00:00, run_after=2024-01-01 00:00:00+00:00
[2026-04-17T21:18:19.441+0000] {processor.py:183} INFO - Processing /opt/airflow/dags/medal_dag.py took 0.074 seconds
[2026-04-17T21:18:49.589+0000] {processor.py:161} INFO - Started process (PID=564) to work on /opt/airflow/dags/medal_dag.py
[2026-04-17T21:18:49.590+0000] {processor.py:830} INFO - Processing file /opt/airflow/dags/medal_dag.py for tasks to queue
[2026-04-17T21:18:49.592+0000] {logging_mixin.py:188} INFO - [2026-04-17T21:18:49.591+0000] {dagbag.py:545} INFO - Filling up the DagBag from /opt/airflow/dags/medal_dag.py
[2026-04-17T21:18:49.601+0000] {processor.py:840} INFO - DAG(s) 'medal_count_dag' retrieved from /opt/airflow/dags/medal_dag.py
[2026-04-17T21:18:49.625+0000] {logging_mixin.py:188} INFO - [2026-04-17T21:18:49.625+0000] {dag.py:3096} INFO - Sync 1 DAGs
[2026-04-17T21:18:49.635+0000] {logging_mixin.py:188} INFO - [2026-04-17T21:18:49.635+0000] {dag.py:3954} INFO - Setting next_dagrun for medal_count_dag to 2024-01-01 00:00:00+00:00, run_after=2024-01-01 00:00:00+00:00
[2026-04-17T21:18:49.644+0000] {processor.py:183} INFO - Processing /opt/airflow/dags/medal_dag.py took 0.061 seconds
[2026-04-17T21:19:19.772+0000] {processor.py:161} INFO - Started process (PID=576) to work on /opt/airflow/dags/medal_dag.py
[2026-04-17T21:19:19.773+0000] {processor.py:830} INFO - Processing file /opt/airflow/dags/medal_dag.py for tasks to queue
[2026-04-17T21:19:19.774+0000] {logging_mixin.py:188} INFO - [2026-04-17T21:19:19.774+0000] {dagbag.py:545} INFO - Filling up the DagBag from /opt/airflow/dags/medal_dag.py
[2026-04-17T21:19:19.781+0000] {processor.py:840} INFO - DAG(s) 'medal_count_dag' retrieved from /opt/airflow/dags/medal_dag.py
[2026-04-17T21:19:19.799+0000] {logging_mixin.py:188} INFO - [2026-04-17T21:19:19.799+0000] {dag.py:3096} INFO - Sync 1 DAGs
[2026-04-17T21:19:19.810+0000] {logging_mixin.py:188} INFO - [2026-04-17T21:19:19.810+0000] {dag.py:3954} INFO - Setting next_dagrun for medal_count_dag to 2024-01-01 00:00:00+00:00, run_after=2024-01-01 00:00:00+00:00
[2026-04-17T21:19:19.822+0000] {processor.py:183} INFO - Processing /opt/airflow/dags/medal_dag.py took 0.053 seconds
[2026-04-17T21:19:50.020+0000] {processor.py:161} INFO - Started process (PID=588) to work on /opt/airflow/dags/medal_dag.py
[2026-04-17T21:19:50.020+0000] {processor.py:830} INFO - Processing file /opt/airflow/dags/medal_dag.py for tasks to queue
[2026-04-17T21:19:50.021+0000] {logging_mixin.py:188} INFO - [2026-04-17T21:19:50.021+0000] {dagbag.py:545} INFO - Filling up the DagBag from /opt/airflow/dags/medal_dag.py
[2026-04-17T21:19:50.028+0000] {processor.py:840} INFO - DAG(s) 'medal_count_dag' retrieved from /opt/airflow/dags/medal_dag.py
[2026-04-17T21:19:50.047+0000] {logging_mixin.py:188} INFO - [2026-04-17T21:19:50.046+0000] {dag.py:3096} INFO - Sync 1 DAGs
[2026-04-17T21:19:50.063+0000] {logging_mixin.py:188} INFO - [2026-04-17T21:19:50.063+0000] {dag.py:3954} INFO - Setting next_dagrun for medal_count_dag to 2024-01-01 00:00:00+00:00, run_after=2024-01-01 00:00:00+00:00
[2026-04-17T21:19:50.073+0000] {processor.py:183} INFO - Processing /opt/airflow/dags/medal_dag.py took 0.057 seconds
[2026-04-17T21:20:20.232+0000] {processor.py:161} INFO - Started process (PID=600) to work on /opt/airflow/dags/medal_dag.py
[2026-04-17T21:20:20.233+0000] {processor.py:830} INFO - Processing file /opt/airflow/dags/medal_dag.py for tasks to queue
[2026-04-17T21:20:20.234+0000] {logging_mixin.py:188} INFO - [2026-04-17T21:20:20.234+0000] {dagbag.py:545} INFO - Filling up the DagBag from /opt/airflow/dags/medal_dag.py
[2026-04-17T21:20:20.241+0000] {processor.py:840} INFO - DAG(s) 'medal_count_dag' retrieved from /opt/airflow/dags/medal_dag.py
[2026-04-17T21:20:20.264+0000] {logging_mixin.py:188} INFO - [2026-04-17T21:20:20.264+0000] {dag.py:3096} INFO - Sync 1 DAGs
[2026-04-17T21:20:20.282+0000] {logging_mixin.py:188} INFO - [2026-04-17T21:20:20.282+0000] {dag.py:3954} INFO - Setting next_dagrun for medal_count_dag to 2024-01-01 00:00:00+00:00, run_after=2024-01-01 00:00:00+00:00
[2026-04-17T21:20:20.301+0000] {processor.py:183} INFO - Processing /opt/airflow/dags/medal_dag.py took 0.074 seconds
[2026-04-17T21:20:50.497+0000] {processor.py:161} INFO - Started process (PID=612) to work on /opt/airflow/dags/medal_dag.py
[2026-04-17T21:20:50.498+0000] {processor.py:830} INFO - Processing file /opt/airflow/dags/medal_dag.py for tasks to queue
[2026-04-17T21:20:50.501+0000] {logging_mixin.py:188} INFO - [2026-04-17T21:20:50.500+0000] {dagbag.py:545} INFO - Filling up the DagBag from /opt/airflow/dags/medal_dag.py
[2026-04-17T21:20:50.512+0000] {processor.py:840} INFO - DAG(s) 'medal_count_dag' retrieved from /opt/airflow/dags/medal_dag.py
[2026-04-17T21:20:50.528+0000] {logging_mixin.py:188} INFO - [2026-04-17T21:20:50.528+0000] {dag.py:3096} INFO - Sync 1 DAGs
[2026-04-17T21:20:50.538+0000] {logging_mixin.py:188} INFO - [2026-04-17T21:20:50.538+0000] {dag.py:3954} INFO - Setting next_dagrun for medal_count_dag to 2024-01-01 00:00:00+00:00, run_after=2024-01-01 00:00:00+00:00
[2026-04-17T21:20:50.546+0000] {processor.py:183} INFO - Processing /opt/airflow/dags/medal_dag.py took 0.055 seconds
[2026-04-17T21:21:20.666+0000] {processor.py:161} INFO - Started process (PID=624) to work on /opt/airflow/dags/medal_dag.py
[2026-04-17T21:21:20.667+0000] {processor.py:830} INFO - Processing file /opt/airflow/dags/medal_dag.py for tasks to queue
[2026-04-17T21:21:20.669+0000] {logging_mixin.py:188} INFO - [2026-04-17T21:21:20.669+0000] {dagbag.py:545} INFO - Filling up the DagBag from /opt/airflow/dags/medal_dag.py
[2026-04-17T21:21:20.680+0000] {processor.py:840} INFO - DAG(s) 'medal_count_dag' retrieved from /opt/airflow/dags/medal_dag.py
[2026-04-17T21:21:20.697+0000] {logging_mixin.py:188} INFO - [2026-04-17T21:21:20.697+0000] {dag.py:3096} INFO - Sync 1 DAGs
[2026-04-17T21:21:20.708+0000] {logging_mixin.py:188} INFO - [2026-04-17T21:21:20.707+0000] {dag.py:3954} INFO - Setting next_dagrun for medal_count_dag to 2024-01-01 00:00:00+00:00, run_after=2024-01-01 00:00:00+00:00
[2026-04-17T21:21:20.717+0000] {processor.py:183} INFO - Processing /opt/airflow/dags/medal_dag.py took 0.058 seconds
[2026-04-17T21:21:50.869+0000] {processor.py:161} INFO - Started process (PID=636) to work on /opt/airflow/dags/medal_dag.py
[2026-04-17T21:21:50.871+0000] {processor.py:830} INFO - Processing file /opt/airflow/dags/medal_dag.py for tasks to queue
[2026-04-17T21:21:50.873+0000] {logging_mixin.py:188} INFO - [2026-04-17T21:21:50.872+0000] {dagbag.py:545} INFO - Filling up the DagBag from /opt/airflow/dags/medal_dag.py
[2026-04-17T21:21:50.884+0000] {processor.py:840} INFO - DAG(s) 'medal_count_dag' retrieved from /opt/airflow/dags/medal_dag.py
[2026-04-17T21:21:50.910+0000] {logging_mixin.py:188} INFO - [2026-04-17T21:21:50.910+0000] {dag.py:3096} INFO - Sync 1 DAGs
[2026-04-17T21:21:50.921+0000] {logging_mixin.py:188} INFO - [2026-04-17T21:21:50.921+0000] {dag.py:3954} INFO - Setting next_dagrun for medal_count_dag to 2024-01-01 00:00:00+00:00, run_after=2024-01-01 00:00:00+00:00
[2026-04-17T21:21:50.931+0000] {processor.py:183} INFO - Processing /opt/airflow/dags/medal_dag.py took 0.069 seconds
[2026-04-17T21:22:21.091+0000] {processor.py:161} INFO - Started process (PID=648) to work on /opt/airflow/dags/medal_dag.py
[2026-04-17T21:22:21.092+0000] {processor.py:830} INFO - Processing file /opt/airflow/dags/medal_dag.py for tasks to queue
[2026-04-17T21:22:21.094+0000] {logging_mixin.py:188} INFO - [2026-04-17T21:22:21.093+0000] {dagbag.py:545} INFO - Filling up the DagBag from /opt/airflow/dags/medal_dag.py
[2026-04-17T21:22:21.105+0000] {processor.py:840} INFO - DAG(s) 'medal_count_dag' retrieved from /opt/airflow/dags/medal_dag.py
[2026-04-17T21:22:21.127+0000] {logging_mixin.py:188} INFO - [2026-04-17T21:22:21.127+0000] {dag.py:3096} INFO - Sync 1 DAGs
[2026-04-17T21:22:21.136+0000] {logging_mixin.py:188} INFO - [2026-04-17T21:22:21.136+0000] {dag.py:3954} INFO - Setting next_dagrun for medal_count_dag to 2024-01-01 00:00:00+00:00, run_after=2024-01-01 00:00:00+00:00
[2026-04-17T21:22:21.145+0000] {processor.py:183} INFO - Processing /opt/airflow/dags/medal_dag.py took 0.061 seconds
[2026-04-17T21:22:51.366+0000] {processor.py:161} INFO - Started process (PID=660) to work on /opt/airflow/dags/medal_dag.py
[2026-04-17T21:22:51.367+0000] {processor.py:830} INFO - Processing file /opt/airflow/dags/medal_dag.py for tasks to queue
[2026-04-17T21:22:51.368+0000] {logging_mixin.py:188} INFO - [2026-04-17T21:22:51.368+0000] {dagbag.py:545} INFO - Filling up the DagBag from /opt/airflow/dags/medal_dag.py
[2026-04-17T21:22:51.378+0000] {processor.py:840} INFO - DAG(s) 'medal_count_dag' retrieved from /opt/airflow/dags/medal_dag.py
[2026-04-17T21:22:51.402+0000] {logging_mixin.py:188} INFO - [2026-04-17T21:22:51.402+0000] {dag.py:3096} INFO - Sync 1 DAGs
[2026-04-17T21:22:51.413+0000] {logging_mixin.py:188} INFO - [2026-04-17T21:22:51.413+0000] {dag.py:3954} INFO - Setting next_dagrun for medal_count_dag to 2024-01-01 00:00:00+00:00, run_after=2024-01-01 00:00:00+00:00
[2026-04-17T21:22:51.424+0000] {processor.py:183} INFO - Processing /opt/airflow/dags/medal_dag.py took 0.064 seconds
[2026-04-17T21:23:21.569+0000] {processor.py:161} INFO - Started process (PID=672) to work on /opt/airflow/dags/medal_dag.py
[2026-04-17T21:23:21.570+0000] {processor.py:830} INFO - Processing file /opt/airflow/dags/medal_dag.py for tasks to queue
[2026-04-17T21:23:21.571+0000] {logging_mixin.py:188} INFO - [2026-04-17T21:23:21.571+0000] {dagbag.py:545} INFO - Filling up the DagBag from /opt/airflow/dags/medal_dag.py
[2026-04-17T21:23:21.578+0000] {processor.py:840} INFO - DAG(s) 'medal_count_dag' retrieved from /opt/airflow/dags/medal_dag.py
[2026-04-17T21:23:21.595+0000] {logging_mixin.py:188} INFO - [2026-04-17T21:23:21.595+0000] {dag.py:3096} INFO - Sync 1 DAGs
[2026-04-17T21:23:21.607+0000] {logging_mixin.py:188} INFO - [2026-04-17T21:23:21.606+0000] {dag.py:3954} INFO - Setting next_dagrun for medal_count_dag to 2024-01-01 00:00:00+00:00, run_after=2024-01-01 00:00:00+00:00
[2026-04-17T21:23:21.616+0000] {processor.py:183} INFO - Processing /opt/airflow/dags/medal_dag.py took 0.051 seconds
[2026-04-17T21:23:51.780+0000] {processor.py:161} INFO - Started process (PID=684) to work on /opt/airflow/dags/medal_dag.py
[2026-04-17T21:23:51.780+0000] {processor.py:830} INFO - Processing file /opt/airflow/dags/medal_dag.py for tasks to queue
[2026-04-17T21:23:51.782+0000] {logging_mixin.py:188} INFO - [2026-04-17T21:23:51.781+0000] {dagbag.py:545} INFO - Filling up the DagBag from /opt/airflow/dags/medal_dag.py
[2026-04-17T21:23:51.788+0000] {processor.py:840} INFO - DAG(s) 'medal_count_dag' retrieved from /opt/airflow/dags/medal_dag.py
[2026-04-17T21:23:51.803+0000] {logging_mixin.py:188} INFO - [2026-04-17T21:23:51.803+0000] {dag.py:3096} INFO - Sync 1 DAGs
[2026-04-17T21:23:51.813+0000] {logging_mixin.py:188} INFO - [2026-04-17T21:23:51.813+0000] {dag.py:3954} INFO - Setting next_dagrun for medal_count_dag to 2024-01-01 00:00:00+00:00, run_after=2024-01-01 00:00:00+00:00
[2026-04-17T21:23:51.822+0000] {processor.py:183} INFO - Processing /opt/airflow/dags/medal_dag.py took 0.046 seconds
[2026-04-17T21:24:22.027+0000] {processor.py:161} INFO - Started process (PID=696) to work on /opt/airflow/dags/medal_dag.py
[2026-04-17T21:24:22.029+0000] {processor.py:830} INFO - Processing file /opt/airflow/dags/medal_dag.py for tasks to queue
[2026-04-17T21:24:22.031+0000] {logging_mixin.py:188} INFO - [2026-04-17T21:24:22.031+0000] {dagbag.py:545} INFO - Filling up the DagBag from /opt/airflow/dags/medal_dag.py
[2026-04-17T21:24:22.043+0000] {processor.py:840} INFO - DAG(s) 'medal_count_dag' retrieved from /opt/airflow/dags/medal_dag.py
[2026-04-17T21:24:22.062+0000] {logging_mixin.py:188} INFO - [2026-04-17T21:24:22.062+0000] {dag.py:3096} INFO - Sync 1 DAGs
[2026-04-17T21:24:22.073+0000] {logging_mixin.py:188} INFO - [2026-04-17T21:24:22.073+0000] {dag.py:3954} INFO - Setting next_dagrun for medal_count_dag to 2024-01-01 00:00:00+00:00, run_after=2024-01-01 00:00:00+00:00
[2026-04-17T21:24:22.083+0000] {processor.py:183} INFO - Processing /opt/airflow/dags/medal_dag.py took 0.064 seconds
[2026-04-17T21:24:52.276+0000] {processor.py:161} INFO - Started process (PID=708) to work on /opt/airflow/dags/medal_dag.py
[2026-04-17T21:24:52.277+0000] {processor.py:830} INFO - Processing file /opt/airflow/dags/medal_dag.py for tasks to queue
[2026-04-17T21:24:52.279+0000] {logging_mixin.py:188} INFO - [2026-04-17T21:24:52.279+0000] {dagbag.py:545} INFO - Filling up the DagBag from /opt/airflow/dags/medal_dag.py
[2026-04-17T21:24:52.290+0000] {processor.py:840} INFO - DAG(s) 'medal_count_dag' retrieved from /opt/airflow/dags/medal_dag.py
[2026-04-17T21:24:52.314+0000] {logging_mixin.py:188} INFO - [2026-04-17T21:24:52.314+0000] {dag.py:3096} INFO - Sync 1 DAGs
[2026-04-17T21:24:52.324+0000] {logging_mixin.py:188} INFO - [2026-04-17T21:24:52.324+0000] {dag.py:3954} INFO - Setting next_dagrun for medal_count_dag to 2024-01-01 00:00:00+00:00, run_after=2024-01-01 00:00:00+00:00
[2026-04-17T21:24:52.333+0000] {processor.py:183} INFO - Processing /opt/airflow/dags/medal_dag.py took 0.064 seconds
[2026-04-17T21:25:22.519+0000] {processor.py:161} INFO - Started process (PID=720) to work on /opt/airflow/dags/medal_dag.py
[2026-04-17T21:25:22.521+0000] {processor.py:830} INFO - Processing file /opt/airflow/dags/medal_dag.py for tasks to queue
[2026-04-17T21:25:22.529+0000] {logging_mixin.py:188} INFO - [2026-04-17T21:25:22.529+0000] {dagbag.py:545} INFO - Filling up the DagBag from /opt/airflow/dags/medal_dag.py
[2026-04-17T21:25:22.538+0000] {processor.py:840} INFO - DAG(s) 'medal_count_dag' retrieved from /opt/airflow/dags/medal_dag.py
[2026-04-17T21:25:22.559+0000] {logging_mixin.py:188} INFO - [2026-04-17T21:25:22.559+0000] {dag.py:3096} INFO - Sync 1 DAGs
[2026-04-17T21:25:22.572+0000] {logging_mixin.py:188} INFO - [2026-04-17T21:25:22.572+0000] {dag.py:3954} INFO - Setting next_dagrun for medal_count_dag to 2024-01-01 00:00:00+00:00, run_after=2024-01-01 00:00:00+00:00
[2026-04-17T21:25:22.583+0000] {processor.py:183} INFO - Processing /opt/airflow/dags/medal_dag.py took 0.071 seconds
[2026-04-17T21:25:52.762+0000] {processor.py:161} INFO - Started process (PID=732) to work on /opt/airflow/dags/medal_dag.py
[2026-04-17T21:25:52.764+0000] {processor.py:830} INFO - Processing file /opt/airflow/dags/medal_dag.py for tasks to queue
[2026-04-17T21:25:52.766+0000] {logging_mixin.py:188} INFO - [2026-04-17T21:25:52.765+0000] {dagbag.py:545} INFO - Filling up the DagBag from /opt/airflow/dags/medal_dag.py
[2026-04-17T21:25:52.779+0000] {processor.py:840} INFO - DAG(s) 'medal_count_dag' retrieved from /opt/airflow/dags/medal_dag.py
[2026-04-17T21:25:52.804+0000] {logging_mixin.py:188} INFO - [2026-04-17T21:25:52.804+0000] {dag.py:3096} INFO - Sync 1 DAGs
[2026-04-17T21:25:52.816+0000] {logging_mixin.py:188} INFO - [2026-04-17T21:25:52.816+0000] {dag.py:3954} INFO - Setting next_dagrun for medal_count_dag to 2024-01-01 00:00:00+00:00, run_after=2024-01-01 00:00:00+00:00
[2026-04-17T21:25:52.825+0000] {processor.py:183} INFO - Processing /opt/airflow/dags/medal_dag.py took 0.069 seconds
[2026-04-17T21:26:22.994+0000] {processor.py:161} INFO - Started process (PID=744) to work on /opt/airflow/dags/medal_dag.py
[2026-04-17T21:26:22.995+0000] {processor.py:830} INFO - Processing file /opt/airflow/dags/medal_dag.py for tasks to queue
[2026-04-17T21:26:22.997+0000] {logging_mixin.py:188} INFO - [2026-04-17T21:26:22.997+0000] {dagbag.py:545} INFO - Filling up the DagBag from /opt/airflow/dags/medal_dag.py
[2026-04-17T21:26:23.010+0000] {processor.py:840} INFO - DAG(s) 'medal_count_dag' retrieved from /opt/airflow/dags/medal_dag.py
[2026-04-17T21:26:23.035+0000] {logging_mixin.py:188} INFO - [2026-04-17T21:26:23.034+0000] {dag.py:3096} INFO - Sync 1 DAGs
[2026-04-17T21:26:23.045+0000] {logging_mixin.py:188} INFO - [2026-04-17T21:26:23.045+0000] {dag.py:3954} INFO - Setting next_dagrun for medal_count_dag to 2024-01-01 00:00:00+00:00, run_after=2024-01-01 00:00:00+00:00
[2026-04-17T21:26:23.053+0000] {processor.py:183} INFO - Processing /opt/airflow/dags/medal_dag.py took 0.066 seconds
[2026-04-17T21:26:53.229+0000] {processor.py:161} INFO - Started process (PID=756) to work on /opt/airflow/dags/medal_dag.py
[2026-04-17T21:26:53.230+0000] {processor.py:830} INFO - Processing file /opt/airflow/dags/medal_dag.py for tasks to queue
[2026-04-17T21:26:53.232+0000] {logging_mixin.py:188} INFO - [2026-04-17T21:26:53.232+0000] {dagbag.py:545} INFO - Filling up the DagBag from /opt/airflow/dags/medal_dag.py
[2026-04-17T21:26:53.243+0000] {processor.py:840} INFO - DAG(s) 'medal_count_dag' retrieved from /opt/airflow/dags/medal_dag.py
[2026-04-17T21:26:53.267+0000] {logging_mixin.py:188} INFO - [2026-04-17T21:26:53.267+0000] {dag.py:3096} INFO - Sync 1 DAGs
[2026-04-17T21:26:53.278+0000] {logging_mixin.py:188} INFO - [2026-04-17T21:26:53.277+0000] {dag.py:3954} INFO - Setting next_dagrun for medal_count_dag to 2024-01-01 00:00:00+00:00, run_after=2024-01-01 00:00:00+00:00
[2026-04-17T21:26:53.286+0000] {processor.py:183} INFO - Processing /opt/airflow/dags/medal_dag.py took 0.064 seconds
[2026-04-17T21:27:23.472+0000] {processor.py:161} INFO - Started process (PID=768) to work on /opt/airflow/dags/medal_dag.py
[2026-04-17T21:27:23.473+0000] {processor.py:830} INFO - Processing file /opt/airflow/dags/medal_dag.py for tasks to queue
[2026-04-17T21:27:23.475+0000] {logging_mixin.py:188} INFO - [2026-04-17T21:27:23.475+0000] {dagbag.py:545} INFO - Filling up the DagBag from /opt/airflow/dags/medal_dag.py
[2026-04-17T21:27:23.486+0000] {processor.py:840} INFO - DAG(s) 'medal_count_dag' retrieved from /opt/airflow/dags/medal_dag.py
[2026-04-17T21:27:23.507+0000] {logging_mixin.py:188} INFO - [2026-04-17T21:27:23.507+0000] {dag.py:3096} INFO - Sync 1 DAGs
[2026-04-17T21:27:23.517+0000] {logging_mixin.py:188} INFO - [2026-04-17T21:27:23.517+0000] {dag.py:3954} INFO - Setting next_dagrun for medal_count_dag to 2024-01-01 00:00:00+00:00, run_after=2024-01-01 00:00:00+00:00
[2026-04-17T21:27:23.525+0000] {processor.py:183} INFO - Processing /opt/airflow/dags/medal_dag.py took 0.061 seconds
[2026-04-17T21:27:53.659+0000] {processor.py:161} INFO - Started process (PID=780) to work on /opt/airflow/dags/medal_dag.py
[2026-04-17T21:27:53.659+0000] {processor.py:830} INFO - Processing file /opt/airflow/dags/medal_dag.py for tasks to queue
[2026-04-17T21:27:53.661+0000] {logging_mixin.py:188} INFO - [2026-04-17T21:27:53.660+0000] {dagbag.py:545} INFO - Filling up the DagBag from /opt/airflow/dags/medal_dag.py
[2026-04-17T21:27:53.667+0000] {processor.py:840} INFO - DAG(s) 'medal_count_dag' retrieved from /opt/airflow/dags/medal_dag.py
[2026-04-17T21:27:53.684+0000] {logging_mixin.py:188} INFO - [2026-04-17T21:27:53.684+0000] {dag.py:3096} INFO - Sync 1 DAGs
[2026-04-17T21:27:53.694+0000] {logging_mixin.py:188} INFO - [2026-04-17T21:27:53.694+0000] {dag.py:3954} INFO - Setting next_dagrun for medal_count_dag to 2024-01-01 00:00:00+00:00, run_after=2024-01-01 00:00:00+00:00
[2026-04-17T21:27:53.704+0000] {processor.py:183} INFO - Processing /opt/airflow/dags/medal_dag.py took 0.049 seconds
[2026-04-17T21:28:23.880+0000] {processor.py:161} INFO - Started process (PID=792) to work on /opt/airflow/dags/medal_dag.py
[2026-04-17T21:28:23.881+0000] {processor.py:830} INFO - Processing file /opt/airflow/dags/medal_dag.py for tasks to queue
[2026-04-17T21:28:23.882+0000] {logging_mixin.py:188} INFO - [2026-04-17T21:28:23.882+0000] {dagbag.py:545} INFO - Filling up the DagBag from /opt/airflow/dags/medal_dag.py
[2026-04-17T21:28:23.891+0000] {processor.py:840} INFO - DAG(s) 'medal_count_dag' retrieved from /opt/airflow/dags/medal_dag.py
[2026-04-17T21:28:23.910+0000] {logging_mixin.py:188} INFO - [2026-04-17T21:28:23.909+0000] {dag.py:3096} INFO - Sync 1 DAGs
[2026-04-17T21:28:23.921+0000] {logging_mixin.py:188} INFO - [2026-04-17T21:28:23.920+0000] {dag.py:3954} INFO - Setting next_dagrun for medal_count_dag to 2024-01-01 00:00:00+00:00, run_after=2024-01-01 00:00:00+00:00
[2026-04-17T21:28:23.929+0000] {processor.py:183} INFO - Processing /opt/airflow/dags/medal_dag.py took 0.054 seconds
[2026-04-17T21:28:54.104+0000] {processor.py:161} INFO - Started process (PID=804) to work on /opt/airflow/dags/medal_dag.py
[2026-04-17T21:28:54.106+0000] {processor.py:830} INFO - Processing file /opt/airflow/dags/medal_dag.py for tasks to queue
[2026-04-17T21:28:54.108+0000] {logging_mixin.py:188} INFO - [2026-04-17T21:28:54.107+0000] {dagbag.py:545} INFO - Filling up the DagBag from /opt/airflow/dags/medal_dag.py
[2026-04-17T21:28:54.119+0000] {processor.py:840} INFO - DAG(s) 'medal_count_dag' retrieved from /opt/airflow/dags/medal_dag.py
[2026-04-17T21:28:54.143+0000] {logging_mixin.py:188} INFO - [2026-04-17T21:28:54.143+0000] {dag.py:3096} INFO - Sync 1 DAGs
[2026-04-17T21:28:54.155+0000] {logging_mixin.py:188} INFO - [2026-04-17T21:28:54.154+0000] {dag.py:3954} INFO - Setting next_dagrun for medal_count_dag to 2024-01-01 00:00:00+00:00, run_after=2024-01-01 00:00:00+00:00
[2026-04-17T21:28:54.164+0000] {processor.py:183} INFO - Processing /opt/airflow/dags/medal_dag.py took 0.066 seconds
[2026-04-17T21:29:24.317+0000] {processor.py:161} INFO - Started process (PID=816) to work on /opt/airflow/dags/medal_dag.py
[2026-04-17T21:29:24.319+0000] {processor.py:830} INFO - Processing file /opt/airflow/dags/medal_dag.py for tasks to queue
[2026-04-17T21:29:24.321+0000] {logging_mixin.py:188} INFO - [2026-04-17T21:29:24.321+0000] {dagbag.py:545} INFO - Filling up the DagBag from /opt/airflow/dags/medal_dag.py
[2026-04-17T21:29:24.334+0000] {processor.py:840} INFO - DAG(s) 'medal_count_dag' retrieved from /opt/airflow/dags/medal_dag.py
[2026-04-17T21:29:24.360+0000] {logging_mixin.py:188} INFO - [2026-04-17T21:29:24.360+0000] {dag.py:3096} INFO - Sync 1 DAGs
[2026-04-17T21:29:24.371+0000] {logging_mixin.py:188} INFO - [2026-04-17T21:29:24.371+0000] {dag.py:3954} INFO - Setting next_dagrun for medal_count_dag to 2024-01-01 00:00:00+00:00, run_after=2024-01-01 00:00:00+00:00
[2026-04-17T21:29:24.380+0000] {processor.py:183} INFO - Processing /opt/airflow/dags/medal_dag.py took 0.070 seconds
[2026-04-17T21:29:54.521+0000] {processor.py:161} INFO - Started process (PID=828) to work on /opt/airflow/dags/medal_dag.py
[2026-04-17T21:29:54.523+0000] {processor.py:830} INFO - Processing file /opt/airflow/dags/medal_dag.py for tasks to queue
[2026-04-17T21:29:54.525+0000] {logging_mixin.py:188} INFO - [2026-04-17T21:29:54.525+0000] {dagbag.py:545} INFO - Filling up the DagBag from /opt/airflow/dags/medal_dag.py
[2026-04-17T21:29:54.538+0000] {processor.py:840} INFO - DAG(s) 'medal_count_dag' retrieved from /opt/airflow/dags/medal_dag.py
[2026-04-17T21:29:54.565+0000] {logging_mixin.py:188} INFO - [2026-04-17T21:29:54.565+0000] {dag.py:3096} INFO - Sync 1 DAGs
[2026-04-17T21:29:54.577+0000] {logging_mixin.py:188} INFO - [2026-04-17T21:29:54.577+0000] {dag.py:3954} INFO - Setting next_dagrun for medal_count_dag to 2024-01-01 00:00:00+00:00, run_after=2024-01-01 00:00:00+00:00
[2026-04-17T21:29:54.586+0000] {processor.py:183} INFO - Processing /opt/airflow/dags/medal_dag.py took 0.073 seconds
[2026-04-17T21:30:24.718+0000] {processor.py:161} INFO - Started process (PID=840) to work on /opt/airflow/dags/medal_dag.py
[2026-04-17T21:30:24.718+0000] {processor.py:830} INFO - Processing file /opt/airflow/dags/medal_dag.py for tasks to queue
[2026-04-17T21:30:24.719+0000] {logging_mixin.py:188} INFO - [2026-04-17T21:30:24.719+0000] {dagbag.py:545} INFO - Filling up the DagBag from /opt/airflow/dags/medal_dag.py
[2026-04-17T21:30:24.727+0000] {processor.py:840} INFO - DAG(s) 'medal_count_dag' retrieved from /opt/airflow/dags/medal_dag.py
[2026-04-17T21:30:24.745+0000] {logging_mixin.py:188} INFO - [2026-04-17T21:30:24.745+0000] {dag.py:3096} INFO - Sync 1 DAGs
[2026-04-17T21:30:24.758+0000] {logging_mixin.py:188} INFO - [2026-04-17T21:30:24.758+0000] {dag.py:3954} INFO - Setting next_dagrun for medal_count_dag to 2024-01-01 00:00:00+00:00, run_after=2024-01-01 00:00:00+00:00
[2026-04-17T21:30:24.769+0000] {processor.py:183} INFO - Processing /opt/airflow/dags/medal_dag.py took 0.055 seconds
[2026-04-17T21:30:54.966+0000] {processor.py:161} INFO - Started process (PID=845) to work on /opt/airflow/dags/medal_dag.py
[2026-04-17T21:30:54.968+0000] {processor.py:830} INFO - Processing file /opt/airflow/dags/medal_dag.py for tasks to queue
[2026-04-17T21:30:54.970+0000] {logging_mixin.py:188} INFO - [2026-04-17T21:30:54.970+0000] {dagbag.py:545} INFO - Filling up the DagBag from /opt/airflow/dags/medal_dag.py
[2026-04-17T21:30:54.983+0000] {processor.py:840} INFO - DAG(s) 'medal_count_dag' retrieved from /opt/airflow/dags/medal_dag.py
[2026-04-17T21:30:55.007+0000] {logging_mixin.py:188} INFO - [2026-04-17T21:30:55.007+0000] {dag.py:3096} INFO - Sync 1 DAGs
[2026-04-17T21:30:55.019+0000] {logging_mixin.py:188} INFO - [2026-04-17T21:30:55.019+0000] {dag.py:3954} INFO - Setting next_dagrun for medal_count_dag to 2024-01-01 00:00:00+00:00, run_after=2024-01-01 00:00:00+00:00
[2026-04-17T21:30:55.029+0000] {processor.py:183} INFO - Processing /opt/airflow/dags/medal_dag.py took 0.076 seconds
[2026-04-17T21:31:25.137+0000] {processor.py:161} INFO - Started process (PID=857) to work on /opt/airflow/dags/medal_dag.py
[2026-04-17T21:31:25.138+0000] {processor.py:830} INFO - Processing file /opt/airflow/dags/medal_dag.py for tasks to queue
[2026-04-17T21:31:25.139+0000] {logging_mixin.py:188} INFO - [2026-04-17T21:31:25.139+0000] {dagbag.py:545} INFO - Filling up the DagBag from /opt/airflow/dags/medal_dag.py
[2026-04-17T21:31:25.146+0000] {processor.py:840} INFO - DAG(s) 'medal_count_dag' retrieved from /opt/airflow/dags/medal_dag.py
[2026-04-17T21:31:25.167+0000] {logging_mixin.py:188} INFO - [2026-04-17T21:31:25.167+0000] {dag.py:3096} INFO - Sync 1 DAGs
[2026-04-17T21:31:25.180+0000] {logging_mixin.py:188} INFO - [2026-04-17T21:31:25.180+0000] {dag.py:3954} INFO - Setting next_dagrun for medal_count_dag to 2024-01-01 00:00:00+00:00, run_after=2024-01-01 00:00:00+00:00
[2026-04-17T21:31:25.189+0000] {processor.py:183} INFO - Processing /opt/airflow/dags/medal_dag.py took 0.057 seconds
[2026-04-17T21:31:55.377+0000] {processor.py:161} INFO - Started process (PID=869) to work on /opt/airflow/dags/medal_dag.py
[2026-04-17T21:31:55.378+0000] {processor.py:830} INFO - Processing file /opt/airflow/dags/medal_dag.py for tasks to queue
[2026-04-17T21:31:55.381+0000] {logging_mixin.py:188} INFO - [2026-04-17T21:31:55.380+0000] {dagbag.py:545} INFO - Filling up the DagBag from /opt/airflow/dags/medal_dag.py
[2026-04-17T21:31:55.393+0000] {processor.py:840} INFO - DAG(s) 'medal_count_dag' retrieved from /opt/airflow/dags/medal_dag.py
[2026-04-17T21:31:55.413+0000] {logging_mixin.py:188} INFO - [2026-04-17T21:31:55.413+0000] {dag.py:3096} INFO - Sync 1 DAGs
[2026-04-17T21:31:55.426+0000] {logging_mixin.py:188} INFO - [2026-04-17T21:31:55.426+0000] {dag.py:3954} INFO - Setting next_dagrun for medal_count_dag to 2024-01-01 00:00:00+00:00, run_after=2024-01-01 00:00:00+00:00
[2026-04-17T21:31:55.435+0000] {processor.py:183} INFO - Processing /opt/airflow/dags/medal_dag.py took 0.067 seconds
[2026-04-17T21:32:25.555+0000] {processor.py:161} INFO - Started process (PID=881) to work on /opt/airflow/dags/medal_dag.py
[2026-04-17T21:32:25.556+0000] {processor.py:830} INFO - Processing file /opt/airflow/dags/medal_dag.py for tasks to queue
[2026-04-17T21:32:25.558+0000] {logging_mixin.py:188} INFO - [2026-04-17T21:32:25.557+0000] {dagbag.py:545} INFO - Filling up the DagBag from /opt/airflow/dags/medal_dag.py
[2026-04-17T21:32:25.566+0000] {processor.py:840} INFO - DAG(s) 'medal_count_dag' retrieved from /opt/airflow/dags/medal_dag.py
[2026-04-17T21:32:25.584+0000] {logging_mixin.py:188} INFO - [2026-04-17T21:32:25.584+0000] {dag.py:3096} INFO - Sync 1 DAGs
[2026-04-17T21:32:25.595+0000] {logging_mixin.py:188} INFO - [2026-04-17T21:32:25.595+0000] {dag.py:3954} INFO - Setting next_dagrun for medal_count_dag to 2024-01-01 00:00:00+00:00, run_after=2024-01-01 00:00:00+00:00
[2026-04-17T21:32:25.606+0000] {processor.py:183} INFO - Processing /opt/airflow/dags/medal_dag.py took 0.057 seconds
[2026-04-17T21:32:55.693+0000] {processor.py:161} INFO - Started process (PID=893) to work on /opt/airflow/dags/medal_dag.py
[2026-04-17T21:32:55.693+0000] {processor.py:830} INFO - Processing file /opt/airflow/dags/medal_dag.py for tasks to queue
[2026-04-17T21:32:55.695+0000] {logging_mixin.py:188} INFO - [2026-04-17T21:32:55.694+0000] {dagbag.py:545} INFO - Filling up the DagBag from /opt/airflow/dags/medal_dag.py
[2026-04-17T21:32:55.702+0000] {processor.py:840} INFO - DAG(s) 'medal_count_dag' retrieved from /opt/airflow/dags/medal_dag.py
[2026-04-17T21:32:55.719+0000] {logging_mixin.py:188} INFO - [2026-04-17T21:32:55.719+0000] {dag.py:3096} INFO - Sync 1 DAGs
[2026-04-17T21:32:55.732+0000] {logging_mixin.py:188} INFO - [2026-04-17T21:32:55.731+0000] {dag.py:3954} INFO - Setting next_dagrun for medal_count_dag to 2024-01-01 00:00:00+00:00, run_after=2024-01-01 00:00:00+00:00
[2026-04-17T21:32:55.742+0000] {processor.py:183} INFO - Processing /opt/airflow/dags/medal_dag.py took 0.054 seconds
[2026-04-17T21:33:25.977+0000] {processor.py:161} INFO - Started process (PID=905) to work on /opt/airflow/dags/medal_dag.py
[2026-04-17T21:33:25.978+0000] {processor.py:830} INFO - Processing file /opt/airflow/dags/medal_dag.py for tasks to queue
[2026-04-17T21:33:25.980+0000] {logging_mixin.py:188} INFO - [2026-04-17T21:33:25.980+0000] {dagbag.py:545} INFO - Filling up the DagBag from /opt/airflow/dags/medal_dag.py
[2026-04-17T21:33:25.991+0000] {processor.py:840} INFO - DAG(s) 'medal_count_dag' retrieved from /opt/airflow/dags/medal_dag.py
[2026-04-17T21:33:26.017+0000] {logging_mixin.py:188} INFO - [2026-04-17T21:33:26.016+0000] {dag.py:3096} INFO - Sync 1 DAGs
[2026-04-17T21:33:26.032+0000] {logging_mixin.py:188} INFO - [2026-04-17T21:33:26.032+0000] {dag.py:3954} INFO - Setting next_dagrun for medal_count_dag to 2024-01-01 00:00:00+00:00, run_after=2024-01-01 00:00:00+00:00
[2026-04-17T21:33:26.043+0000] {processor.py:183} INFO - Processing /opt/airflow/dags/medal_dag.py took 0.072 seconds
[2026-04-17T21:33:56.156+0000] {processor.py:161} INFO - Started process (PID=917) to work on /opt/airflow/dags/medal_dag.py
[2026-04-17T21:33:56.157+0000] {processor.py:830} INFO - Processing file /opt/airflow/dags/medal_dag.py for tasks to queue
[2026-04-17T21:33:56.159+0000] {logging_mixin.py:188} INFO - [2026-04-17T21:33:56.159+0000] {dagbag.py:545} INFO - Filling up the DagBag from /opt/airflow/dags/medal_dag.py
[2026-04-17T21:33:56.172+0000] {processor.py:840} INFO - DAG(s) 'medal_count_dag' retrieved from /opt/airflow/dags/medal_dag.py
[2026-04-17T21:33:56.197+0000] {logging_mixin.py:188} INFO - [2026-04-17T21:33:56.197+0000] {dag.py:3096} INFO - Sync 1 DAGs
[2026-04-17T21:33:56.212+0000] {logging_mixin.py:188} INFO - [2026-04-17T21:33:56.211+0000] {dag.py:3954} INFO - Setting next_dagrun for medal_count_dag to 2024-01-01 00:00:00+00:00, run_after=2024-01-01 00:00:00+00:00
[2026-04-17T21:33:56.223+0000] {processor.py:183} INFO - Processing /opt/airflow/dags/medal_dag.py took 0.073 seconds
[2026-04-17T21:34:26.366+0000] {processor.py:161} INFO - Started process (PID=929) to work on /opt/airflow/dags/medal_dag.py
[2026-04-17T21:34:26.367+0000] {processor.py:830} INFO - Processing file /opt/airflow/dags/medal_dag.py for tasks to queue
[2026-04-17T21:34:26.368+0000] {logging_mixin.py:188} INFO - [2026-04-17T21:34:26.368+0000] {dagbag.py:545} INFO - Filling up the DagBag from /opt/airflow/dags/medal_dag.py
[2026-04-17T21:34:26.376+0000] {processor.py:840} INFO - DAG(s) 'medal_count_dag' retrieved from /opt/airflow/dags/medal_dag.py
[2026-04-17T21:34:26.399+0000] {logging_mixin.py:188} INFO - [2026-04-17T21:34:26.399+0000] {dag.py:3096} INFO - Sync 1 DAGs
[2026-04-17T21:34:26.413+0000] {logging_mixin.py:188} INFO - [2026-04-17T21:34:26.413+0000] {dag.py:3954} INFO - Setting next_dagrun for medal_count_dag to 2024-01-01 00:00:00+00:00, run_after=2024-01-01 00:00:00+00:00
[2026-04-17T21:34:26.425+0000] {processor.py:183} INFO - Processing /opt/airflow/dags/medal_dag.py took 0.064 seconds
[2026-04-17T21:34:56.624+0000] {processor.py:161} INFO - Started process (PID=941) to work on /opt/airflow/dags/medal_dag.py
[2026-04-17T21:34:56.625+0000] {processor.py:830} INFO - Processing file /opt/airflow/dags/medal_dag.py for tasks to queue
[2026-04-17T21:34:56.627+0000] {logging_mixin.py:188} INFO - [2026-04-17T21:34:56.627+0000] {dagbag.py:545} INFO - Filling up the DagBag from /opt/airflow/dags/medal_dag.py
[2026-04-17T21:34:56.636+0000] {processor.py:840} INFO - DAG(s) 'medal_count_dag' retrieved from /opt/airflow/dags/medal_dag.py
[2026-04-17T21:34:56.658+0000] {logging_mixin.py:188} INFO - [2026-04-17T21:34:56.658+0000] {dag.py:3096} INFO - Sync 1 DAGs
[2026-04-17T21:34:56.671+0000] {logging_mixin.py:188} INFO - [2026-04-17T21:34:56.671+0000] {dag.py:3954} INFO - Setting next_dagrun for medal_count_dag to 2024-01-01 00:00:00+00:00, run_after=2024-01-01 00:00:00+00:00
[2026-04-17T21:34:56.682+0000] {processor.py:183} INFO - Processing /opt/airflow/dags/medal_dag.py took 0.063 seconds
[2026-04-17T21:35:26.858+0000] {processor.py:161} INFO - Started process (PID=953) to work on /opt/airflow/dags/medal_dag.py
[2026-04-17T21:35:26.859+0000] {processor.py:830} INFO - Processing file /opt/airflow/dags/medal_dag.py for tasks to queue
[2026-04-17T21:35:26.861+0000] {logging_mixin.py:188} INFO - [2026-04-17T21:35:26.860+0000] {dagbag.py:545} INFO - Filling up the DagBag from /opt/airflow/dags/medal_dag.py
[2026-04-17T21:35:26.870+0000] {processor.py:840} INFO - DAG(s) 'medal_count_dag' retrieved from /opt/airflow/dags/medal_dag.py
[2026-04-17T21:35:26.894+0000] {logging_mixin.py:188} INFO - [2026-04-17T21:35:26.894+0000] {dag.py:3096} INFO - Sync 1 DAGs
[2026-04-17T21:35:26.907+0000] {logging_mixin.py:188} INFO - [2026-04-17T21:35:26.907+0000] {dag.py:3954} INFO - Setting next_dagrun for medal_count_dag to 2024-01-01 00:00:00+00:00, run_after=2024-01-01 00:00:00+00:00
[2026-04-17T21:35:26.917+0000] {processor.py:183} INFO - Processing /opt/airflow/dags/medal_dag.py took 0.064 seconds
[2026-04-17T21:35:57.065+0000] {processor.py:161} INFO - Started process (PID=965) to work on /opt/airflow/dags/medal_dag.py
[2026-04-17T21:35:57.067+0000] {processor.py:830} INFO - Processing file /opt/airflow/dags/medal_dag.py for tasks to queue
[2026-04-17T21:35:57.069+0000] {logging_mixin.py:188} INFO - [2026-04-17T21:35:57.068+0000] {dagbag.py:545} INFO - Filling up the DagBag from /opt/airflow/dags/medal_dag.py
[2026-04-17T21:35:57.077+0000] {processor.py:840} INFO - DAG(s) 'medal_count_dag' retrieved from /opt/airflow/dags/medal_dag.py
[2026-04-17T21:35:57.098+0000] {logging_mixin.py:188} INFO - [2026-04-17T21:35:57.098+0000] {dag.py:3096} INFO - Sync 1 DAGs
[2026-04-17T21:35:57.111+0000] {logging_mixin.py:188} INFO - [2026-04-17T21:35:57.111+0000] {dag.py:3954} INFO - Setting next_dagrun for medal_count_dag to 2024-01-01 00:00:00+00:00, run_after=2024-01-01 00:00:00+00:00
[2026-04-17T21:35:57.122+0000] {processor.py:183} INFO - Processing /opt/airflow/dags/medal_dag.py took 0.062 seconds
[2026-04-17T21:36:27.240+0000] {processor.py:161} INFO - Started process (PID=977) to work on /opt/airflow/dags/medal_dag.py
[2026-04-17T21:36:27.241+0000] {processor.py:830} INFO - Processing file /opt/airflow/dags/medal_dag.py for tasks to queue
[2026-04-17T21:36:27.242+0000] {logging_mixin.py:188} INFO - [2026-04-17T21:36:27.242+0000] {dagbag.py:545} INFO - Filling up the DagBag from /opt/airflow/dags/medal_dag.py
[2026-04-17T21:36:27.249+0000] {processor.py:840} INFO - DAG(s) 'medal_count_dag' retrieved from /opt/airflow/dags/medal_dag.py
[2026-04-17T21:36:27.269+0000] {logging_mixin.py:188} INFO - [2026-04-17T21:36:27.269+0000] {dag.py:3096} INFO - Sync 1 DAGs
[2026-04-17T21:36:27.281+0000] {logging_mixin.py:188} INFO - [2026-04-17T21:36:27.280+0000] {dag.py:3954} INFO - Setting next_dagrun for medal_count_dag to 2024-01-01 00:00:00+00:00, run_after=2024-01-01 00:00:00+00:00
[2026-04-17T21:36:27.292+0000] {processor.py:183} INFO - Processing /opt/airflow/dags/medal_dag.py took 0.055 seconds
[2026-04-17T21:36:57.460+0000] {processor.py:161} INFO - Started process (PID=989) to work on /opt/airflow/dags/medal_dag.py
[2026-04-17T21:36:57.461+0000] {processor.py:830} INFO - Processing file /opt/airflow/dags/medal_dag.py for tasks to queue
[2026-04-17T21:36:57.463+0000] {logging_mixin.py:188} INFO - [2026-04-17T21:36:57.462+0000] {dagbag.py:545} INFO - Filling up the DagBag from /opt/airflow/dags/medal_dag.py
[2026-04-17T21:36:57.472+0000] {processor.py:840} INFO - DAG(s) 'medal_count_dag' retrieved from /opt/airflow/dags/medal_dag.py
[2026-04-17T21:36:57.491+0000] {logging_mixin.py:188} INFO - [2026-04-17T21:36:57.491+0000] {dag.py:3096} INFO - Sync 1 DAGs
[2026-04-17T21:36:57.509+0000] {logging_mixin.py:188} INFO - [2026-04-17T21:36:57.509+0000] {dag.py:3954} INFO - Setting next_dagrun for medal_count_dag to 2024-01-01 00:00:00+00:00, run_after=2024-01-01 00:00:00+00:00
[2026-04-17T21:36:57.520+0000] {processor.py:183} INFO - Processing /opt/airflow/dags/medal_dag.py took 0.064 seconds
[2026-04-17T21:37:27.650+0000] {processor.py:161} INFO - Started process (PID=1001) to work on /opt/airflow/dags/medal_dag.py
[2026-04-17T21:37:27.651+0000] {processor.py:830} INFO - Processing file /opt/airflow/dags/medal_dag.py for tasks to queue
[2026-04-17T21:37:27.653+0000] {logging_mixin.py:188} INFO - [2026-04-17T21:37:27.653+0000] {dagbag.py:545} INFO - Filling up the DagBag from /opt/airflow/dags/medal_dag.py
[2026-04-17T21:37:27.660+0000] {processor.py:840} INFO - DAG(s) 'medal_count_dag' retrieved from /opt/airflow/dags/medal_dag.py
[2026-04-17T21:37:27.681+0000] {logging_mixin.py:188} INFO - [2026-04-17T21:37:27.681+0000] {dag.py:3096} INFO - Sync 1 DAGs
[2026-04-17T21:37:27.694+0000] {logging_mixin.py:188} INFO - [2026-04-17T21:37:27.694+0000] {dag.py:3954} INFO - Setting next_dagrun for medal_count_dag to 2024-01-01 00:00:00+00:00, run_after=2024-01-01 00:00:00+00:00
[2026-04-17T21:37:27.705+0000] {processor.py:183} INFO - Processing /opt/airflow/dags/medal_dag.py took 0.059 seconds
[2026-04-17T21:37:57.897+0000] {processor.py:161} INFO - Started process (PID=1013) to work on /opt/airflow/dags/medal_dag.py
[2026-04-17T21:37:57.898+0000] {processor.py:830} INFO - Processing file /opt/airflow/dags/medal_dag.py for tasks to queue
[2026-04-17T21:37:57.900+0000] {logging_mixin.py:188} INFO - [2026-04-17T21:37:57.899+0000] {dagbag.py:545} INFO - Filling up the DagBag from /opt/airflow/dags/medal_dag.py
[2026-04-17T21:37:57.910+0000] {processor.py:840} INFO - DAG(s) 'medal_count_dag' retrieved from /opt/airflow/dags/medal_dag.py
[2026-04-17T21:37:57.934+0000] {logging_mixin.py:188} INFO - [2026-04-17T21:37:57.934+0000] {dag.py:3096} INFO - Sync 1 DAGs
[2026-04-17T21:37:57.946+0000] {logging_mixin.py:188} INFO - [2026-04-17T21:37:57.946+0000] {dag.py:3954} INFO - Setting next_dagrun for medal_count_dag to 2024-01-01 00:00:00+00:00, run_after=2024-01-01 00:00:00+00:00
[2026-04-17T21:37:57.957+0000] {processor.py:183} INFO - Processing /opt/airflow/dags/medal_dag.py took 0.065 seconds
[2026-04-17T21:38:28.101+0000] {processor.py:161} INFO - Started process (PID=1025) to work on /opt/airflow/dags/medal_dag.py
[2026-04-17T21:38:28.102+0000] {processor.py:830} INFO - Processing file /opt/airflow/dags/medal_dag.py for tasks to queue
[2026-04-17T21:38:28.104+0000] {logging_mixin.py:188} INFO - [2026-04-17T21:38:28.104+0000] {dagbag.py:545} INFO - Filling up the DagBag from /opt/airflow/dags/medal_dag.py
[2026-04-17T21:38:28.115+0000] {processor.py:840} INFO - DAG(s) 'medal_count_dag' retrieved from /opt/airflow/dags/medal_dag.py
[2026-04-17T21:38:28.139+0000] {logging_mixin.py:188} INFO - [2026-04-17T21:38:28.138+0000] {dag.py:3096} INFO - Sync 1 DAGs
[2026-04-17T21:38:28.151+0000] {logging_mixin.py:188} INFO - [2026-04-17T21:38:28.150+0000] {dag.py:3954} INFO - Setting next_dagrun for medal_count_dag to 2024-01-01 00:00:00+00:00, run_after=2024-01-01 00:00:00+00:00
[2026-04-17T21:38:28.162+0000] {processor.py:183} INFO - Processing /opt/airflow/dags/medal_dag.py took 0.067 seconds
[2026-04-17T21:38:58.346+0000] {processor.py:161} INFO - Started process (PID=1037) to work on /opt/airflow/dags/medal_dag.py
[2026-04-17T21:38:58.347+0000] {processor.py:830} INFO - Processing file /opt/airflow/dags/medal_dag.py for tasks to queue
[2026-04-17T21:38:58.349+0000] {logging_mixin.py:188} INFO - [2026-04-17T21:38:58.348+0000] {dagbag.py:545} INFO - Filling up the DagBag from /opt/airflow/dags/medal_dag.py
[2026-04-17T21:38:58.360+0000] {processor.py:840} INFO - DAG(s) 'medal_count_dag' retrieved from /opt/airflow/dags/medal_dag.py
[2026-04-17T21:38:58.381+0000] {logging_mixin.py:188} INFO - [2026-04-17T21:38:58.381+0000] {dag.py:3096} INFO - Sync 1 DAGs
[2026-04-17T21:38:58.393+0000] {logging_mixin.py:188} INFO - [2026-04-17T21:38:58.393+0000] {dag.py:3954} INFO - Setting next_dagrun for medal_count_dag to 2024-01-01 00:00:00+00:00, run_after=2024-01-01 00:00:00+00:00
[2026-04-17T21:38:58.405+0000] {processor.py:183} INFO - Processing /opt/airflow/dags/medal_dag.py took 0.066 seconds
[2026-04-17T21:39:28.537+0000] {processor.py:161} INFO - Started process (PID=1049) to work on /opt/airflow/dags/medal_dag.py
[2026-04-17T21:39:28.538+0000] {processor.py:830} INFO - Processing file /opt/airflow/dags/medal_dag.py for tasks to queue
[2026-04-17T21:39:28.540+0000] {logging_mixin.py:188} INFO - [2026-04-17T21:39:28.539+0000] {dagbag.py:545} INFO - Filling up the DagBag from /opt/airflow/dags/medal_dag.py
[2026-04-17T21:39:28.547+0000] {processor.py:840} INFO - DAG(s) 'medal_count_dag' retrieved from /opt/airflow/dags/medal_dag.py
[2026-04-17T21:39:28.565+0000] {logging_mixin.py:188} INFO - [2026-04-17T21:39:28.565+0000] {dag.py:3096} INFO - Sync 1 DAGs
[2026-04-17T21:39:28.578+0000] {logging_mixin.py:188} INFO - [2026-04-17T21:39:28.578+0000] {dag.py:3954} INFO - Setting next_dagrun for medal_count_dag to 2024-01-01 00:00:00+00:00, run_after=2024-01-01 00:00:00+00:00
[2026-04-17T21:39:28.592+0000] {processor.py:183} INFO - Processing /opt/airflow/dags/medal_dag.py took 0.059 seconds
[2026-04-17T21:39:58.827+0000] {processor.py:161} INFO - Started process (PID=1061) to work on /opt/airflow/dags/medal_dag.py
[2026-04-17T21:39:58.828+0000] {processor.py:830} INFO - Processing file /opt/airflow/dags/medal_dag.py for tasks to queue
[2026-04-17T21:39:58.829+0000] {logging_mixin.py:188} INFO - [2026-04-17T21:39:58.829+0000] {dagbag.py:545} INFO - Filling up the DagBag from /opt/airflow/dags/medal_dag.py
[2026-04-17T21:39:58.835+0000] {processor.py:840} INFO - DAG(s) 'medal_count_dag' retrieved from /opt/airflow/dags/medal_dag.py
[2026-04-17T21:39:58.854+0000] {logging_mixin.py:188} INFO - [2026-04-17T21:39:58.854+0000] {dag.py:3096} INFO - Sync 1 DAGs
[2026-04-17T21:39:58.867+0000] {logging_mixin.py:188} INFO - [2026-04-17T21:39:58.867+0000] {dag.py:3954} INFO - Setting next_dagrun for medal_count_dag to 2024-01-01 00:00:00+00:00, run_after=2024-01-01 00:00:00+00:00
[2026-04-17T21:39:58.889+0000] {processor.py:183} INFO - Processing /opt/airflow/dags/medal_dag.py took 0.065 seconds
[2026-04-17T21:40:29.041+0000] {processor.py:161} INFO - Started process (PID=1073) to work on /opt/airflow/dags/medal_dag.py
[2026-04-17T21:40:29.042+0000] {processor.py:830} INFO - Processing file /opt/airflow/dags/medal_dag.py for tasks to queue
[2026-04-17T21:40:29.044+0000] {logging_mixin.py:188} INFO - [2026-04-17T21:40:29.044+0000] {dagbag.py:545} INFO - Filling up the DagBag from /opt/airflow/dags/medal_dag.py
[2026-04-17T21:40:29.054+0000] {processor.py:840} INFO - DAG(s) 'medal_count_dag' retrieved from /opt/airflow/dags/medal_dag.py
[2026-04-17T21:40:29.073+0000] {logging_mixin.py:188} INFO - [2026-04-17T21:40:29.073+0000] {dag.py:3096} INFO - Sync 1 DAGs
[2026-04-17T21:40:29.086+0000] {logging_mixin.py:188} INFO - [2026-04-17T21:40:29.086+0000] {dag.py:3954} INFO - Setting next_dagrun for medal_count_dag to 2024-01-01 00:00:00+00:00, run_after=2024-01-01 00:00:00+00:00
[2026-04-17T21:40:29.096+0000] {processor.py:183} INFO - Processing /opt/airflow/dags/medal_dag.py took 0.060 seconds
[2026-04-17T21:40:59.278+0000] {processor.py:161} INFO - Started process (PID=1085) to work on /opt/airflow/dags/medal_dag.py
[2026-04-17T21:40:59.279+0000] {processor.py:830} INFO - Processing file /opt/airflow/dags/medal_dag.py for tasks to queue
[2026-04-17T21:40:59.282+0000] {logging_mixin.py:188} INFO - [2026-04-17T21:40:59.282+0000] {dagbag.py:545} INFO - Filling up the DagBag from /opt/airflow/dags/medal_dag.py
[2026-04-17T21:40:59.291+0000] {processor.py:840} INFO - DAG(s) 'medal_count_dag' retrieved from /opt/airflow/dags/medal_dag.py
[2026-04-17T21:40:59.311+0000] {logging_mixin.py:188} INFO - [2026-04-17T21:40:59.311+0000] {dag.py:3096} INFO - Sync 1 DAGs
[2026-04-17T21:40:59.323+0000] {logging_mixin.py:188} INFO - [2026-04-17T21:40:59.323+0000] {dag.py:3954} INFO - Setting next_dagrun for medal_count_dag to 2024-01-01 00:00:00+00:00, run_after=2024-01-01 00:00:00+00:00
[2026-04-17T21:40:59.335+0000] {processor.py:183} INFO - Processing /opt/airflow/dags/medal_dag.py took 0.061 seconds
