[2026-04-21T17:48:44.439+0000] {local_task_job_runner.py:120} INFO - ::group::Pre task execution logs
[2026-04-21T17:48:44.484+0000] {taskinstance.py:2076} INFO - Dependencies all met for dep_context=non-requeueable deps ti=<TaskInstance: medal_count_dag.branch_task manual__2026-04-21T17:48:39.002458+00:00 [queued]>
[2026-04-21T17:48:44.495+0000] {taskinstance.py:2076} INFO - Dependencies all met for dep_context=requeueable deps ti=<TaskInstance: medal_count_dag.branch_task manual__2026-04-21T17:48:39.002458+00:00 [queued]>
[2026-04-21T17:48:44.495+0000] {taskinstance.py:2306} INFO - Starting attempt 1 of 2
[2026-04-21T17:48:44.512+0000] {taskinstance.py:2330} INFO - Executing <Task(BranchPythonOperator): branch_task> on 2026-04-21 17:48:39.002458+00:00
[2026-04-21T17:48:44.523+0000] {logging_mixin.py:188} WARNING - /home/***/.local/lib/python3.12/site-packages/***/task/task_runner/standard_task_runner.py:61 DeprecationWarning: This process (pid=1040) is multi-threaded, use of fork() may lead to deadlocks in the child.
[2026-04-21T17:48:44.525+0000] {standard_task_runner.py:63} INFO - Started process 1041 to run task
[2026-04-21T17:48:44.523+0000] {standard_task_runner.py:90} INFO - Running: ['***', 'tasks', 'run', 'medal_count_dag', 'branch_task', 'manual__2026-04-21T17:48:39.002458+00:00', '--job-id', '10', '--raw', '--subdir', 'DAGS_FOLDER/medal_dag.py', '--cfg-path', '/tmp/tmplxvwzi_1']
[2026-04-21T17:48:44.526+0000] {standard_task_runner.py:91} INFO - Job 10: Subtask branch_task
[2026-04-21T17:48:44.584+0000] {task_command.py:426} INFO - Running <TaskInstance: medal_count_dag.branch_task manual__2026-04-21T17:48:39.002458+00:00 [running]> on host f7490e149049
[2026-04-21T17:48:44.664+0000] {taskinstance.py:2648} INFO - Exporting env vars: AIRFLOW_CTX_DAG_OWNER='***' AIRFLOW_CTX_DAG_ID='medal_count_dag' AIRFLOW_CTX_TASK_ID='branch_task' AIRFLOW_CTX_EXECUTION_DATE='2026-04-21T17:48:39.002458+00:00' AIRFLOW_CTX_TRY_NUMBER='1' AIRFLOW_CTX_DAG_RUN_ID='manual__2026-04-21T17:48:39.002458+00:00'
[2026-04-21T17:48:44.665+0000] {taskinstance.py:430} INFO - ::endgroup::
[2026-04-21T17:48:44.678+0000] {baseoperator.py:399} WARNING - BranchPythonOperator.execute cannot be called outside TaskInstance!
[2026-04-21T17:48:44.692+0000] {python.py:237} INFO - Done. Returned value was: count_gold
[2026-04-21T17:48:44.693+0000] {branch.py:36} INFO - Branch into count_gold
[2026-04-21T17:48:44.693+0000] {skipmixin.py:178} INFO - Following branch count_gold
[2026-04-21T17:48:44.715+0000] {skipmixin.py:246} INFO - Skipping tasks [('count_bronze', -1), ('count_silver', -1)]
[2026-04-21T17:48:44.735+0000] {taskinstance.py:441} INFO - ::group::Post task execution logs
[2026-04-21T17:48:44.751+0000] {taskinstance.py:1206} INFO - Marking task as SUCCESS. dag_id=medal_count_dag, task_id=branch_task, run_id=manual__2026-04-21T17:48:39.002458+00:00, execution_date=20260421T174839, start_date=20260421T174844, end_date=20260421T174844
[2026-04-21T17:48:44.789+0000] {local_task_job_runner.py:240} INFO - Task exited with return code 0
[2026-04-21T17:48:44.812+0000] {taskinstance.py:3498} INFO - 1 downstream tasks scheduled from follow-on schedule check
[2026-04-21T17:48:44.814+0000] {local_task_job_runner.py:222} INFO - ::endgroup::
