[2026-04-21T17:49:46.185+0000] {local_task_job_runner.py:120} INFO - ::group::Pre task execution logs
[2026-04-21T17:49:46.234+0000] {taskinstance.py:2076} INFO - Dependencies all met for dep_context=non-requeueable deps ti=<TaskInstance: medal_count_dag.count_gold manual__2026-04-21T17:48:39.002458+00:00 [queued]>
[2026-04-21T17:49:46.251+0000] {taskinstance.py:2076} INFO - Dependencies all met for dep_context=requeueable deps ti=<TaskInstance: medal_count_dag.count_gold manual__2026-04-21T17:48:39.002458+00:00 [queued]>
[2026-04-21T17:49:46.252+0000] {taskinstance.py:2306} INFO - Starting attempt 2 of 2
[2026-04-21T17:49:46.272+0000] {taskinstance.py:2330} INFO - Executing <Task(PythonOperator): count_gold> on 2026-04-21 17:48:39.002458+00:00
[2026-04-21T17:49:46.282+0000] {logging_mixin.py:188} WARNING - /home/***/.local/lib/python3.12/site-packages/***/task/task_runner/standard_task_runner.py:61 DeprecationWarning: This process (pid=1061) is multi-threaded, use of fork() may lead to deadlocks in the child.
[2026-04-21T17:49:46.284+0000] {standard_task_runner.py:63} INFO - Started process 1068 to run task
[2026-04-21T17:49:46.283+0000] {standard_task_runner.py:90} INFO - Running: ['***', 'tasks', 'run', 'medal_count_dag', 'count_gold', 'manual__2026-04-21T17:48:39.002458+00:00', '--job-id', '12', '--raw', '--subdir', 'DAGS_FOLDER/medal_dag.py', '--cfg-path', '/tmp/tmpd2166rue']
[2026-04-21T17:49:46.286+0000] {standard_task_runner.py:91} INFO - Job 12: Subtask count_gold
[2026-04-21T17:49:46.352+0000] {task_command.py:426} INFO - Running <TaskInstance: medal_count_dag.count_gold manual__2026-04-21T17:48:39.002458+00:00 [running]> on host f7490e149049
[2026-04-21T17:49:46.538+0000] {taskinstance.py:2648} INFO - Exporting env vars: AIRFLOW_CTX_DAG_OWNER='***' AIRFLOW_CTX_DAG_ID='medal_count_dag' AIRFLOW_CTX_TASK_ID='count_gold' AIRFLOW_CTX_EXECUTION_DATE='2026-04-21T17:48:39.002458+00:00' AIRFLOW_CTX_TRY_NUMBER='2' AIRFLOW_CTX_DAG_RUN_ID='manual__2026-04-21T17:48:39.002458+00:00'
[2026-04-21T17:49:46.539+0000] {taskinstance.py:430} INFO - ::endgroup::
[2026-04-21T17:49:46.956+0000] {base.py:84} INFO - Using connection ID 'mysql_default' for task execution.
[2026-04-21T17:49:47.087+0000] {sql.py:470} INFO - Running statement: 
        SELECT COUNT(*)
        FROM olympic_dataset.athlete_event_results
        WHERE medal = %s
    , parameters: ('Gold',)
[2026-04-21T17:49:47.117+0000] {taskinstance.py:441} INFO - ::group::Post task execution logs
[2026-04-21T17:49:47.125+0000] {taskinstance.py:2905} ERROR - Task failed with exception
Traceback (most recent call last):
  File "/home/airflow/.local/lib/python3.12/site-packages/airflow/models/taskinstance.py", line 465, in _execute_task
    result = _execute_callable(context=context, **execute_callable_kwargs)
             ^^^^^^^^^^^^^^^^^^^^^^^^^^^^^^^^^^^^^^^^^^^^^^^^^^^^^^^^^^^^^
  File "/home/airflow/.local/lib/python3.12/site-packages/airflow/models/taskinstance.py", line 432, in _execute_callable
    return execute_callable(context=context, **execute_callable_kwargs)
           ^^^^^^^^^^^^^^^^^^^^^^^^^^^^^^^^^^^^^^^^^^^^^^^^^^^^^^^^^^^^
  File "/home/airflow/.local/lib/python3.12/site-packages/airflow/models/baseoperator.py", line 400, in wrapper
    return func(self, *args, **kwargs)
           ^^^^^^^^^^^^^^^^^^^^^^^^^^^
  File "/home/airflow/.local/lib/python3.12/site-packages/airflow/operators/python.py", line 235, in execute
    return_value = self.execute_callable()
                   ^^^^^^^^^^^^^^^^^^^^^^^
  File "/home/airflow/.local/lib/python3.12/site-packages/airflow/operators/python.py", line 252, in execute_callable
    return self.python_callable(*self.op_args, **self.op_kwargs)
           ^^^^^^^^^^^^^^^^^^^^^^^^^^^^^^^^^^^^^^^^^^^^^^^^^^^^^
  File "/opt/airflow/dags/medal_dag.py", line 75, in _count_and_insert
    count = hook.get_first(count_sql, parameters=(medal_type,))[0]
            ^^^^^^^^^^^^^^^^^^^^^^^^^^^^^^^^^^^^^^^^^^^^^^^^^^^
  File "/home/airflow/.local/lib/python3.12/site-packages/airflow/providers/common/sql/hooks/sql.py", line 292, in get_first
    return self.run(sql=sql, parameters=parameters, handler=fetch_one_handler)
           ^^^^^^^^^^^^^^^^^^^^^^^^^^^^^^^^^^^^^^^^^^^^^^^^^^^^^^^^^^^^^^^^^^^
  File "/home/airflow/.local/lib/python3.12/site-packages/airflow/providers/common/sql/hooks/sql.py", line 418, in run
    self._run_command(cur, sql_statement, parameters)
  File "/home/airflow/.local/lib/python3.12/site-packages/airflow/providers/common/sql/hooks/sql.py", line 473, in _run_command
    cur.execute(sql_statement, parameters)
  File "/home/airflow/.local/lib/python3.12/site-packages/MySQLdb/cursors.py", line 179, in execute
    res = self._query(mogrified_query)
          ^^^^^^^^^^^^^^^^^^^^^^^^^^^^
  File "/home/airflow/.local/lib/python3.12/site-packages/MySQLdb/cursors.py", line 330, in _query
    db.query(q)
  File "/home/airflow/.local/lib/python3.12/site-packages/MySQLdb/connections.py", line 261, in query
    _mysql.connection.query(self, query)
MySQLdb.ProgrammingError: (1146, "Table 'olympic_dataset.athlete_event_results' doesn't exist")
[2026-04-21T17:49:47.599+0000] {taskinstance.py:1206} INFO - Marking task as FAILED. dag_id=medal_count_dag, task_id=count_gold, run_id=manual__2026-04-21T17:48:39.002458+00:00, execution_date=20260421T174839, start_date=20260421T174946, end_date=20260421T174947
[2026-04-21T17:49:47.960+0000] {standard_task_runner.py:110} ERROR - Failed to execute job 12 for task count_gold ((1146, "Table 'olympic_dataset.athlete_event_results' doesn't exist"); 1068)
[2026-04-21T17:49:48.116+0000] {local_task_job_runner.py:240} INFO - Task exited with return code 1
[2026-04-21T17:49:48.401+0000] {taskinstance.py:3498} INFO - 0 downstream tasks scheduled from follow-on schedule check
[2026-04-21T17:49:48.432+0000] {local_task_job_runner.py:222} INFO - ::endgroup::
