[2026-04-21T17:32:36.510+0000] {local_task_job_runner.py:120} INFO - ::group::Pre task execution logs
[2026-04-21T17:32:36.529+0000] {taskinstance.py:2076} INFO - Dependencies all met for dep_context=non-requeueable deps ti=<TaskInstance: medal_count_dag.count_silver scheduled__2024-01-01T00:00:00+00:00 [queued]>
[2026-04-21T17:32:36.535+0000] {taskinstance.py:2076} INFO - Dependencies all met for dep_context=requeueable deps ti=<TaskInstance: medal_count_dag.count_silver scheduled__2024-01-01T00:00:00+00:00 [queued]>
[2026-04-21T17:32:36.535+0000] {taskinstance.py:2306} INFO - Starting attempt 2 of 2
[2026-04-21T17:32:36.543+0000] {taskinstance.py:2330} INFO - Executing <Task(PythonOperator): count_silver> on 2024-01-01 00:00:00+00:00
[2026-04-21T17:32:36.547+0000] {logging_mixin.py:188} WARNING - /home/***/.local/lib/python3.12/site-packages/***/task/task_runner/standard_task_runner.py:61 DeprecationWarning: This process (pid=664) is multi-threaded, use of fork() may lead to deadlocks in the child.
[2026-04-21T17:32:36.547+0000] {standard_task_runner.py:63} INFO - Started process 665 to run task
[2026-04-21T17:32:36.547+0000] {standard_task_runner.py:90} INFO - Running: ['***', 'tasks', 'run', 'medal_count_dag', 'count_silver', 'scheduled__2024-01-01T00:00:00+00:00', '--job-id', '7', '--raw', '--subdir', 'DAGS_FOLDER/medal_dag.py', '--cfg-path', '/tmp/tmpzk0r_xv0']
[2026-04-21T17:32:36.548+0000] {standard_task_runner.py:91} INFO - Job 7: Subtask count_silver
[2026-04-21T17:32:36.573+0000] {task_command.py:426} INFO - Running <TaskInstance: medal_count_dag.count_silver scheduled__2024-01-01T00:00:00+00:00 [running]> on host f7490e149049
[2026-04-21T17:32:36.613+0000] {taskinstance.py:2648} INFO - Exporting env vars: AIRFLOW_CTX_DAG_OWNER='***' AIRFLOW_CTX_DAG_ID='medal_count_dag' AIRFLOW_CTX_TASK_ID='count_silver' AIRFLOW_CTX_EXECUTION_DATE='2024-01-01T00:00:00+00:00' AIRFLOW_CTX_TRY_NUMBER='2' AIRFLOW_CTX_DAG_RUN_ID='scheduled__2024-01-01T00:00:00+00:00'
[2026-04-21T17:32:36.614+0000] {taskinstance.py:430} INFO - ::endgroup::
[2026-04-21T17:32:36.627+0000] {base.py:84} INFO - Using connection ID 'mysql_default' for task execution.
[2026-04-21T17:32:36.632+0000] {sql.py:470} INFO - Running statement: 
        SELECT COUNT(*)
        FROM olympic_dataset.athlete_event_results
        WHERE medal = %s
    , parameters: ('Silver',)
[2026-04-21T17:32:36.633+0000] {taskinstance.py:441} INFO - ::group::Post task execution logs
[2026-04-21T17:32:36.633+0000] {taskinstance.py:2905} ERROR - Task failed with exception
Traceback (most recent call last):
  File "/home/airflow/.local/lib/python3.12/site-packages/airflow/models/taskinstance.py", line 465, in _execute_task
    result = _execute_callable(context=context, **execute_callable_kwargs)
             ^^^^^^^^^^^^^^^^^^^^^^^^^^^^^^^^^^^^^^^^^^^^^^^^^^^^^^^^^^^^^
  File "/home/airflow/.local/lib/python3.12/site-packages/airflow/models/taskinstance.py", line 432, in _execute_callable
    return execute_callable(context=context, **execute_callable_kwargs)
           ^^^^^^^^^^^^^^^^^^^^^^^^^^^^^^^^^^^^^^^^^^^^^^^^^^^^^^^^^^^^
  File "/home/airflow/.local/lib/python3.12/site-packages/airflow/models/baseoperator.py", line 400, in wrapper
    return func(self, *args, **kwargs)
           ^^^^^^^^^^^^^^^^^^^^^^^^^^^
  File "/home/airflow/.local/lib/python3.12/site-packages/airflow/operators/python.py", line 235, in execute
    return_value = self.execute_callable()
                   ^^^^^^^^^^^^^^^^^^^^^^^
  File "/home/airflow/.local/lib/python3.12/site-packages/airflow/operators/python.py", line 252, in execute_callable
    return self.python_callable(*self.op_args, **self.op_kwargs)
           ^^^^^^^^^^^^^^^^^^^^^^^^^^^^^^^^^^^^^^^^^^^^^^^^^^^^^
  File "/opt/airflow/dags/medal_dag.py", line 75, in _count_and_insert
    count = hook.get_first(count_sql, parameters=(medal_type,))[0]
            ^^^^^^^^^^^^^^^^^^^^^^^^^^^^^^^^^^^^^^^^^^^^^^^^^^^
  File "/home/airflow/.local/lib/python3.12/site-packages/airflow/providers/common/sql/hooks/sql.py", line 292, in get_first
    return self.run(sql=sql, parameters=parameters, handler=fetch_one_handler)
           ^^^^^^^^^^^^^^^^^^^^^^^^^^^^^^^^^^^^^^^^^^^^^^^^^^^^^^^^^^^^^^^^^^^
  File "/home/airflow/.local/lib/python3.12/site-packages/airflow/providers/common/sql/hooks/sql.py", line 418, in run
    self._run_command(cur, sql_statement, parameters)
  File "/home/airflow/.local/lib/python3.12/site-packages/airflow/providers/common/sql/hooks/sql.py", line 473, in _run_command
    cur.execute(sql_statement, parameters)
  File "/home/airflow/.local/lib/python3.12/site-packages/MySQLdb/cursors.py", line 179, in execute
    res = self._query(mogrified_query)
          ^^^^^^^^^^^^^^^^^^^^^^^^^^^^
  File "/home/airflow/.local/lib/python3.12/site-packages/MySQLdb/cursors.py", line 330, in _query
    db.query(q)
  File "/home/airflow/.local/lib/python3.12/site-packages/MySQLdb/connections.py", line 261, in query
    _mysql.connection.query(self, query)
MySQLdb.ProgrammingError: (1146, "Table 'olympic_dataset.athlete_event_results' doesn't exist")
[2026-04-21T17:32:36.640+0000] {taskinstance.py:1206} INFO - Marking task as FAILED. dag_id=medal_count_dag, task_id=count_silver, run_id=scheduled__2024-01-01T00:00:00+00:00, execution_date=20240101T000000, start_date=20260421T173236, end_date=20260421T173236
[2026-04-21T17:32:36.645+0000] {standard_task_runner.py:110} ERROR - Failed to execute job 7 for task count_silver ((1146, "Table 'olympic_dataset.athlete_event_results' doesn't exist"); 665)
[2026-04-21T17:32:36.689+0000] {local_task_job_runner.py:240} INFO - Task exited with return code 1
[2026-04-21T17:32:36.703+0000] {taskinstance.py:3498} INFO - 0 downstream tasks scheduled from follow-on schedule check
[2026-04-21T17:32:36.706+0000] {local_task_job_runner.py:222} INFO - ::endgroup::
