[2026-04-21T17:31:35.727+0000] {local_task_job_runner.py:120} INFO - ::group::Pre task execution logs
[2026-04-21T17:31:35.745+0000] {taskinstance.py:2076} INFO - Dependencies all met for dep_context=non-requeueable deps ti=<TaskInstance: medal_count_dag.branch_task scheduled__2024-01-01T00:00:00+00:00 [queued]>
[2026-04-21T17:31:35.750+0000] {taskinstance.py:2076} INFO - Dependencies all met for dep_context=requeueable deps ti=<TaskInstance: medal_count_dag.branch_task scheduled__2024-01-01T00:00:00+00:00 [queued]>
[2026-04-21T17:31:35.750+0000] {taskinstance.py:2306} INFO - Starting attempt 1 of 2
[2026-04-21T17:31:35.758+0000] {taskinstance.py:2330} INFO - Executing <Task(BranchPythonOperator): branch_task> on 2024-01-01 00:00:00+00:00
[2026-04-21T17:31:35.762+0000] {logging_mixin.py:188} WARNING - /home/***/.local/lib/python3.12/site-packages/***/task/task_runner/standard_task_runner.py:61 DeprecationWarning: This process (pid=636) is multi-threaded, use of fork() may lead to deadlocks in the child.
[2026-04-21T17:31:35.763+0000] {standard_task_runner.py:63} INFO - Started process 637 to run task
[2026-04-21T17:31:35.763+0000] {standard_task_runner.py:90} INFO - Running: ['***', 'tasks', 'run', 'medal_count_dag', 'branch_task', 'scheduled__2024-01-01T00:00:00+00:00', '--job-id', '5', '--raw', '--subdir', 'DAGS_FOLDER/medal_dag.py', '--cfg-path', '/tmp/tmpc7lwnbbj']
[2026-04-21T17:31:35.764+0000] {standard_task_runner.py:91} INFO - Job 5: Subtask branch_task
[2026-04-21T17:31:35.789+0000] {task_command.py:426} INFO - Running <TaskInstance: medal_count_dag.branch_task scheduled__2024-01-01T00:00:00+00:00 [running]> on host f7490e149049
[2026-04-21T17:31:35.839+0000] {taskinstance.py:2648} INFO - Exporting env vars: AIRFLOW_CTX_DAG_OWNER='***' AIRFLOW_CTX_DAG_ID='medal_count_dag' AIRFLOW_CTX_TASK_ID='branch_task' AIRFLOW_CTX_EXECUTION_DATE='2024-01-01T00:00:00+00:00' AIRFLOW_CTX_TRY_NUMBER='1' AIRFLOW_CTX_DAG_RUN_ID='scheduled__2024-01-01T00:00:00+00:00'
[2026-04-21T17:31:35.840+0000] {taskinstance.py:430} INFO - ::endgroup::
[2026-04-21T17:31:35.847+0000] {baseoperator.py:399} WARNING - BranchPythonOperator.execute cannot be called outside TaskInstance!
[2026-04-21T17:31:35.857+0000] {python.py:237} INFO - Done. Returned value was: count_silver
[2026-04-21T17:31:35.857+0000] {branch.py:36} INFO - Branch into count_silver
[2026-04-21T17:31:35.858+0000] {skipmixin.py:178} INFO - Following branch count_silver
[2026-04-21T17:31:35.874+0000] {skipmixin.py:246} INFO - Skipping tasks [('count_gold', -1), ('count_bronze', -1)]
[2026-04-21T17:31:35.891+0000] {taskinstance.py:441} INFO - ::group::Post task execution logs
[2026-04-21T17:31:35.905+0000] {taskinstance.py:1206} INFO - Marking task as SUCCESS. dag_id=medal_count_dag, task_id=branch_task, run_id=scheduled__2024-01-01T00:00:00+00:00, execution_date=20240101T000000, start_date=20260421T173135, end_date=20260421T173135
[2026-04-21T17:31:35.945+0000] {local_task_job_runner.py:240} INFO - Task exited with return code 0
[2026-04-21T17:31:35.960+0000] {taskinstance.py:3498} INFO - 0 downstream tasks scheduled from follow-on schedule check
[2026-04-21T17:31:35.961+0000] {local_task_job_runner.py:222} INFO - ::endgroup::
