[2026-04-21T19:12:12.994+0000] {local_task_job_runner.py:120} INFO - ::group::Pre task execution logs
[2026-04-21T19:12:13.070+0000] {taskinstance.py:2076} INFO - Dependencies all met for dep_context=non-requeueable deps ti=<TaskInstance: medal_count_dag.create_table manual__2026-04-21T17:48:39.002458+00:00 [queued]>
[2026-04-21T19:12:13.087+0000] {taskinstance.py:2076} INFO - Dependencies all met for dep_context=requeueable deps ti=<TaskInstance: medal_count_dag.create_table manual__2026-04-21T17:48:39.002458+00:00 [queued]>
[2026-04-21T19:12:13.088+0000] {taskinstance.py:2306} INFO - Starting attempt 3 of 4
[2026-04-21T19:12:13.116+0000] {taskinstance.py:2330} INFO - Executing <Task(MySqlOperator): create_table> on 2026-04-21 17:48:39.002458+00:00
[2026-04-21T19:12:13.129+0000] {logging_mixin.py:188} WARNING - /home/***/.local/lib/python3.12/site-packages/***/task/task_runner/standard_task_runner.py:61 DeprecationWarning: This process (pid=2838) is multi-threaded, use of fork() may lead to deadlocks in the child.
[2026-04-21T19:12:13.133+0000] {standard_task_runner.py:63} INFO - Started process 2839 to run task
[2026-04-21T19:12:13.129+0000] {standard_task_runner.py:90} INFO - Running: ['***', 'tasks', 'run', 'medal_count_dag', 'create_table', 'manual__2026-04-21T17:48:39.002458+00:00', '--job-id', '15', '--raw', '--subdir', 'DAGS_FOLDER/medal_dag.py', '--cfg-path', '/tmp/tmp08nqb8lj']
[2026-04-21T19:12:13.135+0000] {standard_task_runner.py:91} INFO - Job 15: Subtask create_table
[2026-04-21T19:12:13.240+0000] {task_command.py:426} INFO - Running <TaskInstance: medal_count_dag.create_table manual__2026-04-21T17:48:39.002458+00:00 [running]> on host f7490e149049
[2026-04-21T19:12:13.388+0000] {taskinstance.py:2648} INFO - Exporting env vars: AIRFLOW_CTX_DAG_OWNER='***' AIRFLOW_CTX_DAG_ID='medal_count_dag' AIRFLOW_CTX_TASK_ID='create_table' AIRFLOW_CTX_EXECUTION_DATE='2026-04-21T17:48:39.002458+00:00' AIRFLOW_CTX_TRY_NUMBER='3' AIRFLOW_CTX_DAG_RUN_ID='manual__2026-04-21T17:48:39.002458+00:00'
[2026-04-21T19:12:13.390+0000] {taskinstance.py:430} INFO - ::endgroup::
[2026-04-21T19:12:13.416+0000] {sql.py:276} INFO - Executing: 
            CREATE TABLE IF NOT EXISTS medals (
                id         INT AUTO_INCREMENT PRIMARY KEY,
                medal_type VARCHAR(10)  NOT NULL,
                count      INT          NOT NULL,
                created_at DATETIME     NOT NULL
            );
        
[2026-04-21T19:12:13.432+0000] {taskinstance.py:441} INFO - ::group::Post task execution logs
[2026-04-21T19:12:13.445+0000] {taskinstance.py:2905} ERROR - Task failed with exception
Traceback (most recent call last):
  File "/home/airflow/.local/lib/python3.12/site-packages/airflow/models/taskinstance.py", line 465, in _execute_task
    result = _execute_callable(context=context, **execute_callable_kwargs)
             ^^^^^^^^^^^^^^^^^^^^^^^^^^^^^^^^^^^^^^^^^^^^^^^^^^^^^^^^^^^^^
  File "/home/airflow/.local/lib/python3.12/site-packages/airflow/models/taskinstance.py", line 432, in _execute_callable
    return execute_callable(context=context, **execute_callable_kwargs)
           ^^^^^^^^^^^^^^^^^^^^^^^^^^^^^^^^^^^^^^^^^^^^^^^^^^^^^^^^^^^^
  File "/home/airflow/.local/lib/python3.12/site-packages/airflow/models/baseoperator.py", line 400, in wrapper
    return func(self, *args, **kwargs)
           ^^^^^^^^^^^^^^^^^^^^^^^^^^^
  File "/home/airflow/.local/lib/python3.12/site-packages/airflow/providers/common/sql/operators/sql.py", line 277, in execute
    hook = self.get_db_hook()
           ^^^^^^^^^^^^^^^^^^
  File "/home/airflow/.local/lib/python3.12/site-packages/airflow/providers/common/sql/operators/sql.py", line 188, in get_db_hook
    return self._hook
           ^^^^^^^^^^
  File "/usr/local/lib/python3.12/functools.py", line 995, in __get__
    val = self.func(instance)
          ^^^^^^^^^^^^^^^^^^^
  File "/home/airflow/.local/lib/python3.12/site-packages/airflow/providers/common/sql/operators/sql.py", line 150, in _hook
    conn = BaseHook.get_connection(conn_id)
           ^^^^^^^^^^^^^^^^^^^^^^^^^^^^^^^^
  File "/home/airflow/.local/lib/python3.12/site-packages/airflow/hooks/base.py", line 83, in get_connection
    conn = Connection.get_connection_from_secrets(conn_id)
           ^^^^^^^^^^^^^^^^^^^^^^^^^^^^^^^^^^^^^^^^^^^^^^^
  File "/home/airflow/.local/lib/python3.12/site-packages/airflow/models/connection.py", line 519, in get_connection_from_secrets
    raise AirflowNotFoundException(f"The conn_id `{conn_id}` isn't defined")
airflow.exceptions.AirflowNotFoundException: The conn_id `mysql_default` isn't defined
[2026-04-21T19:12:13.455+0000] {taskinstance.py:1206} INFO - Marking task as UP_FOR_RETRY. dag_id=medal_count_dag, task_id=create_table, run_id=manual__2026-04-21T17:48:39.002458+00:00, execution_date=20260421T174839, start_date=20260421T191213, end_date=20260421T191213
[2026-04-21T19:12:13.477+0000] {standard_task_runner.py:110} ERROR - Failed to execute job 15 for task create_table (The conn_id `mysql_default` isn't defined; 2839)
[2026-04-21T19:12:13.523+0000] {local_task_job_runner.py:240} INFO - Task exited with return code 1
[2026-04-21T19:12:13.547+0000] {local_task_job_runner.py:222} INFO - ::endgroup::
